2023-06-07 10:22:42,665 ERROR [restartedMain] o.s.d.e.r.s.AbstractElasticsearchRepository [AbstractElasticsearchRepository.java:91] failed to load elasticsearch nodes : org.elasticsearch.cluster.block.ClusterBlockException: blocked by: [FORBIDDEN/12/index read-only / allow delete (api)];
2023-06-07 10:25:09,034 ERROR [restartedMain] o.s.d.e.r.s.AbstractElasticsearchRepository [AbstractElasticsearchRepository.java:91] failed to load elasticsearch nodes : org.elasticsearch.cluster.block.ClusterBlockException: blocked by: [FORBIDDEN/12/index read-only / allow delete (api)];
2023-06-07 10:26:20,311 ERROR [org.springframework.kafka.KafkaListenerEndpointContainer#0-0-C-1] o.a.k.c.c.i.ConsumerCoordinator [ConsumerCoordinator.java:843] [Consumer clientId=consumer-4, groupId=test-consumer-group] Offset commit failed on partition comment-0 at offset 2: Specified group generation id is not valid.
2023-06-07 10:26:20,374 ERROR [org.springframework.kafka.KafkaListenerEndpointContainer#2-0-C-1] o.a.k.c.c.i.ConsumerCoordinator [ConsumerCoordinator.java:843] [Consumer clientId=consumer-2, groupId=test-consumer-group] Offset commit failed on partition delete-0 at offset 0: The coordinator is not aware of this member.
2023-06-07 10:26:20,396 ERROR [org.springframework.kafka.KafkaListenerEndpointContainer#1-0-C-1] o.a.k.c.c.i.ConsumerCoordinator [ConsumerCoordinator.java:843] [Consumer clientId=consumer-6, groupId=test-consumer-group] Offset commit failed on partition publish-0 at offset 11: The coordinator is not aware of this member.
2023-06-07 10:27:00,955 ERROR [restartedMain] o.s.d.e.r.s.AbstractElasticsearchRepository [AbstractElasticsearchRepository.java:91] failed to load elasticsearch nodes : org.elasticsearch.cluster.block.ClusterBlockException: blocked by: [FORBIDDEN/12/index read-only / allow delete (api)];
2023-06-07 10:28:32,645 ERROR [org.springframework.kafka.KafkaListenerEndpointContainer#2-0-C-1] o.s.k.l.LoggingErrorHandler [LoggingErrorHandler.java:37] Error while processing: ConsumerRecord(topic = publish, partition = 0, offset = 0, CreateTime = 1686104912537, serialized key size = -1, serialized value size = 89, headers = RecordHeaders(headers = [], isReadOnly = false), key = null, value = {"data":{},"entityId":299,"entityType":1,"entityUserId":0,"topic":"publish","userId":151})
org.springframework.kafka.listener.ListenerExecutionFailedException: Listener method 'public void com.nowcoder.community.event.EventConsumer.handlePublishMessage(org.apache.kafka.clients.consumer.ConsumerRecord)' threw exception; nested exception is ClusterBlockException[blocked by: [FORBIDDEN/12/index read-only / allow delete (api)];]; nested exception is ClusterBlockException[blocked by: [FORBIDDEN/12/index read-only / allow delete (api)];]
	at org.springframework.kafka.listener.KafkaMessageListenerContainer$ListenerConsumer.decorateException(KafkaMessageListenerContainer.java:1311)
	at org.springframework.kafka.listener.KafkaMessageListenerContainer$ListenerConsumer.invokeErrorHandler(KafkaMessageListenerContainer.java:1300)
	at org.springframework.kafka.listener.KafkaMessageListenerContainer$ListenerConsumer.doInvokeRecordListener(KafkaMessageListenerContainer.java:1227)
	at org.springframework.kafka.listener.KafkaMessageListenerContainer$ListenerConsumer.doInvokeWithRecords(KafkaMessageListenerContainer.java:1198)
	at org.springframework.kafka.listener.KafkaMessageListenerContainer$ListenerConsumer.invokeRecordListener(KafkaMessageListenerContainer.java:1118)
	at org.springframework.kafka.listener.KafkaMessageListenerContainer$ListenerConsumer.invokeListener(KafkaMessageListenerContainer.java:933)
	at org.springframework.kafka.listener.KafkaMessageListenerContainer$ListenerConsumer.pollAndInvoke(KafkaMessageListenerContainer.java:749)
	at org.springframework.kafka.listener.KafkaMessageListenerContainer$ListenerConsumer.run(KafkaMessageListenerContainer.java:698)
	at java.util.concurrent.Executors$RunnableAdapter.call(Executors.java:511)
	at java.util.concurrent.FutureTask.run(FutureTask.java:266)
	at java.lang.Thread.run(Thread.java:748)
Caused by: org.elasticsearch.cluster.block.ClusterBlockException: blocked by: [FORBIDDEN/12/index read-only / allow delete (api)];
	at org.elasticsearch.cluster.block.ClusterBlocks.indexBlockedException(ClusterBlocks.java:183)
	at org.elasticsearch.action.support.replication.TransportReplicationAction$ReroutePhase.handleBlockExceptions(TransportReplicationAction.java:805)
	at org.elasticsearch.action.support.replication.TransportReplicationAction$ReroutePhase.doRun(TransportReplicationAction.java:705)
	at org.elasticsearch.common.util.concurrent.AbstractRunnable.run(AbstractRunnable.java:37)
	at org.elasticsearch.action.support.replication.TransportReplicationAction.doExecute(TransportReplicationAction.java:169)
	at org.elasticsearch.action.support.replication.TransportReplicationAction.doExecute(TransportReplicationAction.java:97)
	at org.elasticsearch.action.support.TransportAction$RequestFilterChain.proceed(TransportAction.java:167)
	at org.elasticsearch.xpack.security.action.filter.SecurityActionFilter.apply(SecurityActionFilter.java:126)
	at org.elasticsearch.action.support.TransportAction$RequestFilterChain.proceed(TransportAction.java:165)
	at org.elasticsearch.action.support.TransportAction.execute(TransportAction.java:139)
	at org.elasticsearch.action.support.TransportAction.execute(TransportAction.java:81)
	at org.elasticsearch.action.bulk.TransportBulkAction$BulkOperation.doRun(TransportBulkAction.java:349)
	at org.elasticsearch.common.util.concurrent.AbstractRunnable.run(AbstractRunnable.java:37)
	at org.elasticsearch.action.bulk.TransportBulkAction.executeBulk(TransportBulkAction.java:461)
	at org.elasticsearch.action.bulk.TransportBulkAction.doExecute(TransportBulkAction.java:174)
	at org.elasticsearch.action.bulk.TransportBulkAction.doExecute(TransportBulkAction.java:85)
	at org.elasticsearch.action.support.TransportAction$RequestFilterChain.proceed(TransportAction.java:167)
	at org.elasticsearch.xpack.security.action.filter.SecurityActionFilter.apply(SecurityActionFilter.java:126)
	at org.elasticsearch.action.support.TransportAction$RequestFilterChain.proceed(TransportAction.java:165)
	at org.elasticsearch.action.support.TransportAction.execute(TransportAction.java:139)
	at org.elasticsearch.action.bulk.TransportSingleItemBulkWriteAction.doExecute(TransportSingleItemBulkWriteAction.java:69)
	at org.elasticsearch.action.bulk.TransportSingleItemBulkWriteAction.doExecute(TransportSingleItemBulkWriteAction.java:44)
	at org.elasticsearch.action.support.TransportAction$RequestFilterChain.proceed(TransportAction.java:167)
	at org.elasticsearch.xpack.security.action.filter.SecurityActionFilter.apply(SecurityActionFilter.java:126)
	at org.elasticsearch.action.support.TransportAction$RequestFilterChain.proceed(TransportAction.java:165)
	at org.elasticsearch.action.support.TransportAction.execute(TransportAction.java:139)
	at org.elasticsearch.action.support.replication.TransportReplicationAction$OperationTransportHandler.messageReceived(TransportReplicationAction.java:251)
	at org.elasticsearch.action.support.replication.TransportReplicationAction$OperationTransportHandler.messageReceived(TransportReplicationAction.java:243)
	at org.elasticsearch.xpack.security.transport.SecurityServerTransportInterceptor$ProfileSecuredRequestHandler$1.doRun(SecurityServerTransportInterceptor.java:251)
	at org.elasticsearch.common.util.concurrent.AbstractRunnable.run(AbstractRunnable.java:37)
	at org.elasticsearch.xpack.security.transport.SecurityServerTransportInterceptor$ProfileSecuredRequestHandler.messageReceived(SecurityServerTransportInterceptor.java:309)
	at org.elasticsearch.transport.RequestHandlerRegistry.processMessageReceived(RequestHandlerRegistry.java:66)
	at org.elasticsearch.transport.TcpTransport$RequestHandler.doRun(TcpTransport.java:1605)
	at org.elasticsearch.common.util.concurrent.AbstractRunnable.run(AbstractRunnable.java:37)
	at org.elasticsearch.common.util.concurrent.EsExecutors$1.execute(EsExecutors.java:135)
	at org.elasticsearch.transport.TcpTransport.handleRequest(TcpTransport.java:1563)
	at org.elasticsearch.transport.TcpTransport.messageReceived(TcpTransport.java:1427)
	at org.elasticsearch.transport.netty4.Netty4MessageChannelHandler.channelRead(Netty4MessageChannelHandler.java:64)
	at io.netty.channel.AbstractChannelHandlerContext.invokeChannelRead(AbstractChannelHandlerContext.java:362)
	at io.netty.channel.AbstractChannelHandlerContext.invokeChannelRead(AbstractChannelHandlerContext.java:348)
	at io.netty.channel.AbstractChannelHandlerContext.fireChannelRead(AbstractChannelHandlerContext.java:340)
	at io.netty.handler.codec.ByteToMessageDecoder.fireChannelRead(ByteToMessageDecoder.java:310)
	at io.netty.handler.codec.ByteToMessageDecoder.fireChannelRead(ByteToMessageDecoder.java:297)
	at io.netty.handler.codec.ByteToMessageDecoder.callDecode(ByteToMessageDecoder.java:413)
	at io.netty.handler.codec.ByteToMessageDecoder.channelRead(ByteToMessageDecoder.java:265)
	at io.netty.channel.AbstractChannelHandlerContext.invokeChannelRead(AbstractChannelHandlerContext.java:362)
	at io.netty.channel.AbstractChannelHandlerContext.invokeChannelRead(AbstractChannelHandlerContext.java:348)
	at io.netty.channel.AbstractChannelHandlerContext.fireChannelRead(AbstractChannelHandlerContext.java:340)
	at io.netty.handler.logging.LoggingHandler.channelRead(LoggingHandler.java:241)
	at io.netty.channel.AbstractChannelHandlerContext.invokeChannelRead(AbstractChannelHandlerContext.java:362)
	at io.netty.channel.AbstractChannelHandlerContext.invokeChannelRead(AbstractChannelHandlerContext.java:348)
	at io.netty.channel.AbstractChannelHandlerContext.fireChannelRead(AbstractChannelHandlerContext.java:340)
	at io.netty.channel.DefaultChannelPipeline$HeadContext.channelRead(DefaultChannelPipeline.java:1359)
	at io.netty.channel.AbstractChannelHandlerContext.invokeChannelRead(AbstractChannelHandlerContext.java:362)
	at io.netty.channel.AbstractChannelHandlerContext.invokeChannelRead(AbstractChannelHandlerContext.java:348)
	at io.netty.channel.DefaultChannelPipeline.fireChannelRead(DefaultChannelPipeline.java:935)
	at io.netty.channel.nio.AbstractNioByteChannel$NioByteUnsafe.read(AbstractNioByteChannel.java:134)
	at io.netty.channel.nio.NioEventLoop.processSelectedKey(NioEventLoop.java:645)
	at io.netty.channel.nio.NioEventLoop.processSelectedKeysPlain(NioEventLoop.java:545)
	at io.netty.channel.nio.NioEventLoop.processSelectedKeys(NioEventLoop.java:499)
	at io.netty.channel.nio.NioEventLoop.run(NioEventLoop.java:459)
	at io.netty.util.concurrent.SingleThreadEventExecutor$5.run(SingleThreadEventExecutor.java:858)
	... 1 common frames omitted
2023-06-07 10:28:33,453 ERROR [org.springframework.kafka.KafkaListenerEndpointContainer#2-0-C-1] o.s.k.l.LoggingErrorHandler [LoggingErrorHandler.java:37] Error while processing: ConsumerRecord(topic = publish, partition = 0, offset = 1, CreateTime = 1686104913443, serialized key size = -1, serialized value size = 89, headers = RecordHeaders(headers = [], isReadOnly = false), key = null, value = {"data":{},"entityId":299,"entityType":1,"entityUserId":0,"topic":"publish","userId":151})
org.springframework.kafka.listener.ListenerExecutionFailedException: Listener method 'public void com.nowcoder.community.event.EventConsumer.handlePublishMessage(org.apache.kafka.clients.consumer.ConsumerRecord)' threw exception; nested exception is ClusterBlockException[blocked by: [FORBIDDEN/12/index read-only / allow delete (api)];]; nested exception is ClusterBlockException[blocked by: [FORBIDDEN/12/index read-only / allow delete (api)];]
	at org.springframework.kafka.listener.KafkaMessageListenerContainer$ListenerConsumer.decorateException(KafkaMessageListenerContainer.java:1311)
	at org.springframework.kafka.listener.KafkaMessageListenerContainer$ListenerConsumer.invokeErrorHandler(KafkaMessageListenerContainer.java:1300)
	at org.springframework.kafka.listener.KafkaMessageListenerContainer$ListenerConsumer.doInvokeRecordListener(KafkaMessageListenerContainer.java:1227)
	at org.springframework.kafka.listener.KafkaMessageListenerContainer$ListenerConsumer.doInvokeWithRecords(KafkaMessageListenerContainer.java:1198)
	at org.springframework.kafka.listener.KafkaMessageListenerContainer$ListenerConsumer.invokeRecordListener(KafkaMessageListenerContainer.java:1118)
	at org.springframework.kafka.listener.KafkaMessageListenerContainer$ListenerConsumer.invokeListener(KafkaMessageListenerContainer.java:933)
	at org.springframework.kafka.listener.KafkaMessageListenerContainer$ListenerConsumer.pollAndInvoke(KafkaMessageListenerContainer.java:749)
	at org.springframework.kafka.listener.KafkaMessageListenerContainer$ListenerConsumer.run(KafkaMessageListenerContainer.java:698)
	at java.util.concurrent.Executors$RunnableAdapter.call(Executors.java:511)
	at java.util.concurrent.FutureTask.run(FutureTask.java:266)
	at java.lang.Thread.run(Thread.java:748)
Caused by: org.elasticsearch.cluster.block.ClusterBlockException: blocked by: [FORBIDDEN/12/index read-only / allow delete (api)];
	at org.elasticsearch.cluster.block.ClusterBlocks.indexBlockedException(ClusterBlocks.java:183)
	at org.elasticsearch.action.support.replication.TransportReplicationAction$ReroutePhase.handleBlockExceptions(TransportReplicationAction.java:805)
	at org.elasticsearch.action.support.replication.TransportReplicationAction$ReroutePhase.doRun(TransportReplicationAction.java:705)
	at org.elasticsearch.common.util.concurrent.AbstractRunnable.run(AbstractRunnable.java:37)
	at org.elasticsearch.action.support.replication.TransportReplicationAction.doExecute(TransportReplicationAction.java:169)
	at org.elasticsearch.action.support.replication.TransportReplicationAction.doExecute(TransportReplicationAction.java:97)
	at org.elasticsearch.action.support.TransportAction$RequestFilterChain.proceed(TransportAction.java:167)
	at org.elasticsearch.xpack.security.action.filter.SecurityActionFilter.apply(SecurityActionFilter.java:126)
	at org.elasticsearch.action.support.TransportAction$RequestFilterChain.proceed(TransportAction.java:165)
	at org.elasticsearch.action.support.TransportAction.execute(TransportAction.java:139)
	at org.elasticsearch.action.support.TransportAction.execute(TransportAction.java:81)
	at org.elasticsearch.action.bulk.TransportBulkAction$BulkOperation.doRun(TransportBulkAction.java:349)
	at org.elasticsearch.common.util.concurrent.AbstractRunnable.run(AbstractRunnable.java:37)
	at org.elasticsearch.action.bulk.TransportBulkAction.executeBulk(TransportBulkAction.java:461)
	at org.elasticsearch.action.bulk.TransportBulkAction.doExecute(TransportBulkAction.java:174)
	at org.elasticsearch.action.bulk.TransportBulkAction.doExecute(TransportBulkAction.java:85)
	at org.elasticsearch.action.support.TransportAction$RequestFilterChain.proceed(TransportAction.java:167)
	at org.elasticsearch.xpack.security.action.filter.SecurityActionFilter.apply(SecurityActionFilter.java:126)
	at org.elasticsearch.action.support.TransportAction$RequestFilterChain.proceed(TransportAction.java:165)
	at org.elasticsearch.action.support.TransportAction.execute(TransportAction.java:139)
	at org.elasticsearch.action.bulk.TransportSingleItemBulkWriteAction.doExecute(TransportSingleItemBulkWriteAction.java:69)
	at org.elasticsearch.action.bulk.TransportSingleItemBulkWriteAction.doExecute(TransportSingleItemBulkWriteAction.java:44)
	at org.elasticsearch.action.support.TransportAction$RequestFilterChain.proceed(TransportAction.java:167)
	at org.elasticsearch.xpack.security.action.filter.SecurityActionFilter.apply(SecurityActionFilter.java:126)
	at org.elasticsearch.action.support.TransportAction$RequestFilterChain.proceed(TransportAction.java:165)
	at org.elasticsearch.action.support.TransportAction.execute(TransportAction.java:139)
	at org.elasticsearch.action.support.replication.TransportReplicationAction$OperationTransportHandler.messageReceived(TransportReplicationAction.java:251)
	at org.elasticsearch.action.support.replication.TransportReplicationAction$OperationTransportHandler.messageReceived(TransportReplicationAction.java:243)
	at org.elasticsearch.xpack.security.transport.SecurityServerTransportInterceptor$ProfileSecuredRequestHandler$1.doRun(SecurityServerTransportInterceptor.java:251)
	at org.elasticsearch.common.util.concurrent.AbstractRunnable.run(AbstractRunnable.java:37)
	at org.elasticsearch.xpack.security.transport.SecurityServerTransportInterceptor$ProfileSecuredRequestHandler.messageReceived(SecurityServerTransportInterceptor.java:309)
	at org.elasticsearch.transport.RequestHandlerRegistry.processMessageReceived(RequestHandlerRegistry.java:66)
	at org.elasticsearch.transport.TcpTransport$RequestHandler.doRun(TcpTransport.java:1605)
	at org.elasticsearch.common.util.concurrent.AbstractRunnable.run(AbstractRunnable.java:37)
	at org.elasticsearch.common.util.concurrent.EsExecutors$1.execute(EsExecutors.java:135)
	at org.elasticsearch.transport.TcpTransport.handleRequest(TcpTransport.java:1563)
	at org.elasticsearch.transport.TcpTransport.messageReceived(TcpTransport.java:1427)
	at org.elasticsearch.transport.netty4.Netty4MessageChannelHandler.channelRead(Netty4MessageChannelHandler.java:64)
	at io.netty.channel.AbstractChannelHandlerContext.invokeChannelRead(AbstractChannelHandlerContext.java:362)
	at io.netty.channel.AbstractChannelHandlerContext.invokeChannelRead(AbstractChannelHandlerContext.java:348)
	at io.netty.channel.AbstractChannelHandlerContext.fireChannelRead(AbstractChannelHandlerContext.java:340)
	at io.netty.handler.codec.ByteToMessageDecoder.fireChannelRead(ByteToMessageDecoder.java:310)
	at io.netty.handler.codec.ByteToMessageDecoder.fireChannelRead(ByteToMessageDecoder.java:297)
	at io.netty.handler.codec.ByteToMessageDecoder.callDecode(ByteToMessageDecoder.java:413)
	at io.netty.handler.codec.ByteToMessageDecoder.channelRead(ByteToMessageDecoder.java:265)
	at io.netty.channel.AbstractChannelHandlerContext.invokeChannelRead(AbstractChannelHandlerContext.java:362)
	at io.netty.channel.AbstractChannelHandlerContext.invokeChannelRead(AbstractChannelHandlerContext.java:348)
	at io.netty.channel.AbstractChannelHandlerContext.fireChannelRead(AbstractChannelHandlerContext.java:340)
	at io.netty.handler.logging.LoggingHandler.channelRead(LoggingHandler.java:241)
	at io.netty.channel.AbstractChannelHandlerContext.invokeChannelRead(AbstractChannelHandlerContext.java:362)
	at io.netty.channel.AbstractChannelHandlerContext.invokeChannelRead(AbstractChannelHandlerContext.java:348)
	at io.netty.channel.AbstractChannelHandlerContext.fireChannelRead(AbstractChannelHandlerContext.java:340)
	at io.netty.channel.DefaultChannelPipeline$HeadContext.channelRead(DefaultChannelPipeline.java:1359)
	at io.netty.channel.AbstractChannelHandlerContext.invokeChannelRead(AbstractChannelHandlerContext.java:362)
	at io.netty.channel.AbstractChannelHandlerContext.invokeChannelRead(AbstractChannelHandlerContext.java:348)
	at io.netty.channel.DefaultChannelPipeline.fireChannelRead(DefaultChannelPipeline.java:935)
	at io.netty.channel.nio.AbstractNioByteChannel$NioByteUnsafe.read(AbstractNioByteChannel.java:134)
	at io.netty.channel.nio.NioEventLoop.processSelectedKey(NioEventLoop.java:645)
	at io.netty.channel.nio.NioEventLoop.processSelectedKeysPlain(NioEventLoop.java:545)
	at io.netty.channel.nio.NioEventLoop.processSelectedKeys(NioEventLoop.java:499)
	at io.netty.channel.nio.NioEventLoop.run(NioEventLoop.java:459)
	at io.netty.util.concurrent.SingleThreadEventExecutor$5.run(SingleThreadEventExecutor.java:858)
	... 1 common frames omitted
2023-06-07 10:42:29,801 ERROR [org.springframework.kafka.KafkaListenerEndpointContainer#2-0-C-1] o.s.k.l.LoggingErrorHandler [LoggingErrorHandler.java:37] Error while processing: ConsumerRecord(topic = publish, partition = 0, offset = 2, CreateTime = 1686105749787, serialized key size = -1, serialized value size = 89, headers = RecordHeaders(headers = [], isReadOnly = false), key = null, value = {"data":{},"entityId":298,"entityType":1,"entityUserId":0,"topic":"publish","userId":151})
org.springframework.kafka.listener.ListenerExecutionFailedException: Listener method 'public void com.nowcoder.community.event.EventConsumer.handlePublishMessage(org.apache.kafka.clients.consumer.ConsumerRecord)' threw exception; nested exception is ClusterBlockException[blocked by: [FORBIDDEN/12/index read-only / allow delete (api)];]; nested exception is ClusterBlockException[blocked by: [FORBIDDEN/12/index read-only / allow delete (api)];]
	at org.springframework.kafka.listener.KafkaMessageListenerContainer$ListenerConsumer.decorateException(KafkaMessageListenerContainer.java:1311)
	at org.springframework.kafka.listener.KafkaMessageListenerContainer$ListenerConsumer.invokeErrorHandler(KafkaMessageListenerContainer.java:1300)
	at org.springframework.kafka.listener.KafkaMessageListenerContainer$ListenerConsumer.doInvokeRecordListener(KafkaMessageListenerContainer.java:1227)
	at org.springframework.kafka.listener.KafkaMessageListenerContainer$ListenerConsumer.doInvokeWithRecords(KafkaMessageListenerContainer.java:1198)
	at org.springframework.kafka.listener.KafkaMessageListenerContainer$ListenerConsumer.invokeRecordListener(KafkaMessageListenerContainer.java:1118)
	at org.springframework.kafka.listener.KafkaMessageListenerContainer$ListenerConsumer.invokeListener(KafkaMessageListenerContainer.java:933)
	at org.springframework.kafka.listener.KafkaMessageListenerContainer$ListenerConsumer.pollAndInvoke(KafkaMessageListenerContainer.java:749)
	at org.springframework.kafka.listener.KafkaMessageListenerContainer$ListenerConsumer.run(KafkaMessageListenerContainer.java:698)
	at java.util.concurrent.Executors$RunnableAdapter.call(Executors.java:511)
	at java.util.concurrent.FutureTask.run(FutureTask.java:266)
	at java.lang.Thread.run(Thread.java:748)
Caused by: org.elasticsearch.cluster.block.ClusterBlockException: blocked by: [FORBIDDEN/12/index read-only / allow delete (api)];
	at org.elasticsearch.cluster.block.ClusterBlocks.indexBlockedException(ClusterBlocks.java:183)
	at org.elasticsearch.action.support.replication.TransportReplicationAction$ReroutePhase.handleBlockExceptions(TransportReplicationAction.java:805)
	at org.elasticsearch.action.support.replication.TransportReplicationAction$ReroutePhase.doRun(TransportReplicationAction.java:705)
	at org.elasticsearch.common.util.concurrent.AbstractRunnable.run(AbstractRunnable.java:37)
	at org.elasticsearch.action.support.replication.TransportReplicationAction.doExecute(TransportReplicationAction.java:169)
	at org.elasticsearch.action.support.replication.TransportReplicationAction.doExecute(TransportReplicationAction.java:97)
	at org.elasticsearch.action.support.TransportAction$RequestFilterChain.proceed(TransportAction.java:167)
	at org.elasticsearch.xpack.security.action.filter.SecurityActionFilter.apply(SecurityActionFilter.java:126)
	at org.elasticsearch.action.support.TransportAction$RequestFilterChain.proceed(TransportAction.java:165)
	at org.elasticsearch.action.support.TransportAction.execute(TransportAction.java:139)
	at org.elasticsearch.action.support.TransportAction.execute(TransportAction.java:81)
	at org.elasticsearch.action.bulk.TransportBulkAction$BulkOperation.doRun(TransportBulkAction.java:349)
	at org.elasticsearch.common.util.concurrent.AbstractRunnable.run(AbstractRunnable.java:37)
	at org.elasticsearch.action.bulk.TransportBulkAction.executeBulk(TransportBulkAction.java:461)
	at org.elasticsearch.action.bulk.TransportBulkAction.doExecute(TransportBulkAction.java:174)
	at org.elasticsearch.action.bulk.TransportBulkAction.doExecute(TransportBulkAction.java:85)
	at org.elasticsearch.action.support.TransportAction$RequestFilterChain.proceed(TransportAction.java:167)
	at org.elasticsearch.xpack.security.action.filter.SecurityActionFilter.apply(SecurityActionFilter.java:126)
	at org.elasticsearch.action.support.TransportAction$RequestFilterChain.proceed(TransportAction.java:165)
	at org.elasticsearch.action.support.TransportAction.execute(TransportAction.java:139)
	at org.elasticsearch.action.bulk.TransportSingleItemBulkWriteAction.doExecute(TransportSingleItemBulkWriteAction.java:69)
	at org.elasticsearch.action.bulk.TransportSingleItemBulkWriteAction.doExecute(TransportSingleItemBulkWriteAction.java:44)
	at org.elasticsearch.action.support.TransportAction$RequestFilterChain.proceed(TransportAction.java:167)
	at org.elasticsearch.xpack.security.action.filter.SecurityActionFilter.apply(SecurityActionFilter.java:126)
	at org.elasticsearch.action.support.TransportAction$RequestFilterChain.proceed(TransportAction.java:165)
	at org.elasticsearch.action.support.TransportAction.execute(TransportAction.java:139)
	at org.elasticsearch.action.support.replication.TransportReplicationAction$OperationTransportHandler.messageReceived(TransportReplicationAction.java:251)
	at org.elasticsearch.action.support.replication.TransportReplicationAction$OperationTransportHandler.messageReceived(TransportReplicationAction.java:243)
	at org.elasticsearch.xpack.security.transport.SecurityServerTransportInterceptor$ProfileSecuredRequestHandler$1.doRun(SecurityServerTransportInterceptor.java:251)
	at org.elasticsearch.common.util.concurrent.AbstractRunnable.run(AbstractRunnable.java:37)
	at org.elasticsearch.xpack.security.transport.SecurityServerTransportInterceptor$ProfileSecuredRequestHandler.messageReceived(SecurityServerTransportInterceptor.java:309)
	at org.elasticsearch.transport.RequestHandlerRegistry.processMessageReceived(RequestHandlerRegistry.java:66)
	at org.elasticsearch.transport.TcpTransport$RequestHandler.doRun(TcpTransport.java:1605)
	at org.elasticsearch.common.util.concurrent.AbstractRunnable.run(AbstractRunnable.java:37)
	at org.elasticsearch.common.util.concurrent.EsExecutors$1.execute(EsExecutors.java:135)
	at org.elasticsearch.transport.TcpTransport.handleRequest(TcpTransport.java:1563)
	at org.elasticsearch.transport.TcpTransport.messageReceived(TcpTransport.java:1427)
	at org.elasticsearch.transport.netty4.Netty4MessageChannelHandler.channelRead(Netty4MessageChannelHandler.java:64)
	at io.netty.channel.AbstractChannelHandlerContext.invokeChannelRead(AbstractChannelHandlerContext.java:362)
	at io.netty.channel.AbstractChannelHandlerContext.invokeChannelRead(AbstractChannelHandlerContext.java:348)
	at io.netty.channel.AbstractChannelHandlerContext.fireChannelRead(AbstractChannelHandlerContext.java:340)
	at io.netty.handler.codec.ByteToMessageDecoder.fireChannelRead(ByteToMessageDecoder.java:310)
	at io.netty.handler.codec.ByteToMessageDecoder.fireChannelRead(ByteToMessageDecoder.java:297)
	at io.netty.handler.codec.ByteToMessageDecoder.callDecode(ByteToMessageDecoder.java:413)
	at io.netty.handler.codec.ByteToMessageDecoder.channelRead(ByteToMessageDecoder.java:265)
	at io.netty.channel.AbstractChannelHandlerContext.invokeChannelRead(AbstractChannelHandlerContext.java:362)
	at io.netty.channel.AbstractChannelHandlerContext.invokeChannelRead(AbstractChannelHandlerContext.java:348)
	at io.netty.channel.AbstractChannelHandlerContext.fireChannelRead(AbstractChannelHandlerContext.java:340)
	at io.netty.handler.logging.LoggingHandler.channelRead(LoggingHandler.java:241)
	at io.netty.channel.AbstractChannelHandlerContext.invokeChannelRead(AbstractChannelHandlerContext.java:362)
	at io.netty.channel.AbstractChannelHandlerContext.invokeChannelRead(AbstractChannelHandlerContext.java:348)
	at io.netty.channel.AbstractChannelHandlerContext.fireChannelRead(AbstractChannelHandlerContext.java:340)
	at io.netty.channel.DefaultChannelPipeline$HeadContext.channelRead(DefaultChannelPipeline.java:1359)
	at io.netty.channel.AbstractChannelHandlerContext.invokeChannelRead(AbstractChannelHandlerContext.java:362)
	at io.netty.channel.AbstractChannelHandlerContext.invokeChannelRead(AbstractChannelHandlerContext.java:348)
	at io.netty.channel.DefaultChannelPipeline.fireChannelRead(DefaultChannelPipeline.java:935)
	at io.netty.channel.nio.AbstractNioByteChannel$NioByteUnsafe.read(AbstractNioByteChannel.java:134)
	at io.netty.channel.nio.NioEventLoop.processSelectedKey(NioEventLoop.java:645)
	at io.netty.channel.nio.NioEventLoop.processSelectedKeysPlain(NioEventLoop.java:545)
	at io.netty.channel.nio.NioEventLoop.processSelectedKeys(NioEventLoop.java:499)
	at io.netty.channel.nio.NioEventLoop.run(NioEventLoop.java:459)
	at io.netty.util.concurrent.SingleThreadEventExecutor$5.run(SingleThreadEventExecutor.java:858)
	... 1 common frames omitted
