2023-06-08 10:27:30,676 WARN [restartedMain] o.a.k.c.NetworkClient [NetworkClient.java:671] [Consumer clientId=consumer-1, groupId=test-consumer-group] Connection to node -1 could not be established. Broker may not be available.
2023-06-08 10:27:32,849 WARN [restartedMain] o.a.k.c.NetworkClient [NetworkClient.java:671] [Consumer clientId=consumer-1, groupId=test-consumer-group] Connection to node -1 could not be established. Broker may not be available.
2023-06-08 10:27:34,999 WARN [restartedMain] o.a.k.c.NetworkClient [NetworkClient.java:671] [Consumer clientId=consumer-1, groupId=test-consumer-group] Connection to node -1 could not be established. Broker may not be available.
2023-06-08 10:27:37,280 WARN [restartedMain] o.a.k.c.NetworkClient [NetworkClient.java:671] [Consumer clientId=consumer-1, groupId=test-consumer-group] Connection to node -1 could not be established. Broker may not be available.
2023-06-08 10:27:39,748 WARN [restartedMain] o.a.k.c.NetworkClient [NetworkClient.java:671] [Consumer clientId=consumer-1, groupId=test-consumer-group] Connection to node -1 could not be established. Broker may not be available.
2023-06-08 10:27:42,784 WARN [restartedMain] o.a.k.c.NetworkClient [NetworkClient.java:671] [Consumer clientId=consumer-1, groupId=test-consumer-group] Connection to node -1 could not be established. Broker may not be available.
2023-06-08 10:27:45,677 WARN [restartedMain] o.a.k.c.NetworkClient [NetworkClient.java:671] [Consumer clientId=consumer-1, groupId=test-consumer-group] Connection to node -1 could not be established. Broker may not be available.
2023-06-08 10:27:48,675 WARN [restartedMain] o.a.k.c.NetworkClient [NetworkClient.java:671] [Consumer clientId=consumer-1, groupId=test-consumer-group] Connection to node -1 could not be established. Broker may not be available.
2023-06-08 10:27:52,009 WARN [restartedMain] o.a.k.c.NetworkClient [NetworkClient.java:671] [Consumer clientId=consumer-1, groupId=test-consumer-group] Connection to node -1 could not be established. Broker may not be available.
2023-06-08 10:27:55,490 WARN [restartedMain] o.a.k.c.NetworkClient [NetworkClient.java:671] [Consumer clientId=consumer-1, groupId=test-consumer-group] Connection to node -1 could not be established. Broker may not be available.
2023-06-08 10:27:58,790 WARN [restartedMain] o.a.k.c.NetworkClient [NetworkClient.java:671] [Consumer clientId=consumer-1, groupId=test-consumer-group] Connection to node -1 could not be established. Broker may not be available.
2023-06-08 10:28:01,906 WARN [restartedMain] o.a.k.c.NetworkClient [NetworkClient.java:671] [Consumer clientId=consumer-1, groupId=test-consumer-group] Connection to node -1 could not be established. Broker may not be available.
2023-06-08 10:28:04,898 WARN [restartedMain] o.a.k.c.NetworkClient [NetworkClient.java:671] [Consumer clientId=consumer-1, groupId=test-consumer-group] Connection to node -1 could not be established. Broker may not be available.
2023-06-08 10:28:07,778 WARN [restartedMain] o.a.k.c.NetworkClient [NetworkClient.java:671] [Consumer clientId=consumer-1, groupId=test-consumer-group] Connection to node -1 could not be established. Broker may not be available.
2023-06-08 10:28:10,894 WARN [restartedMain] o.a.k.c.NetworkClient [NetworkClient.java:671] [Consumer clientId=consumer-1, groupId=test-consumer-group] Connection to node -1 could not be established. Broker may not be available.
2023-06-08 10:28:13,804 WARN [restartedMain] o.a.k.c.NetworkClient [NetworkClient.java:671] [Consumer clientId=consumer-1, groupId=test-consumer-group] Connection to node -1 could not be established. Broker may not be available.
2023-06-08 10:28:16,884 WARN [restartedMain] o.a.k.c.NetworkClient [NetworkClient.java:671] [Consumer clientId=consumer-1, groupId=test-consumer-group] Connection to node -1 could not be established. Broker may not be available.
2023-06-08 10:28:19,926 WARN [restartedMain] o.a.k.c.NetworkClient [NetworkClient.java:671] [Consumer clientId=consumer-1, groupId=test-consumer-group] Connection to node -1 could not be established. Broker may not be available.
2023-06-08 10:28:22,831 WARN [restartedMain] o.a.k.c.NetworkClient [NetworkClient.java:671] [Consumer clientId=consumer-1, groupId=test-consumer-group] Connection to node -1 could not be established. Broker may not be available.
2023-06-08 10:28:25,932 WARN [restartedMain] o.a.k.c.NetworkClient [NetworkClient.java:671] [Consumer clientId=consumer-1, groupId=test-consumer-group] Connection to node -1 could not be established. Broker may not be available.
2023-06-08 10:28:28,647 WARN [restartedMain] o.s.b.w.s.c.AnnotationConfigServletWebServerApplicationContext [AbstractApplicationContext.java:557] Exception encountered during context initialization - cancelling refresh attempt: org.springframework.context.ApplicationContextException: Failed to start bean 'org.springframework.kafka.config.internalKafkaListenerEndpointRegistry'; nested exception is org.apache.kafka.common.errors.TimeoutException: Timeout expired while fetching topic metadata
2023-06-08 10:34:19,266 WARN [http-nio-8080-exec-10] o.s.w.s.m.m.a.ExceptionHandlerExceptionResolver [AbstractHandlerExceptionResolver.java:198] Resolved [org.springframework.web.bind.MissingRequestCookieException: Missing cookie 'kapthaOwner' for method parameter of type String]
2023-06-08 10:48:51,967 WARN [restartedMain] o.a.c.c.C.[.[.[/community] [DirectJDKLog.java:173] Cannot deserialize session attribute [SPRING_SECURITY_CONTEXT] for session [8C2733002615038AD88D6934C73318CF]
2023-06-08 11:15:22,836 WARN [HikariPool-1 housekeeper] c.z.h.p.HikariPool [HikariPool.java:766] HikariPool-1 - Thread starvation or clock leap detected (housekeeper delta=10m9s30ms494µs400ns).
2023-06-08 11:31:16,773 WARN [HikariPool-1 housekeeper] c.z.h.p.HikariPool [HikariPool.java:766] HikariPool-1 - Thread starvation or clock leap detected (housekeeper delta=7m23s792ms58µs500ns).
