2023-06-21 09:44:26,744 WARN [restartedMain] o.a.c.c.C.[.[.[/community] [DirectJDKLog.java:173] Cannot deserialize session attribute [SPRING_SECURITY_CONTEXT] for session [962969D795F79FDD1656E4B1F75FC955]
2023-06-21 09:44:48,023 WARN [restartedMain] o.s.b.w.s.c.AnnotationConfigServletWebServerApplicationContext [AbstractApplicationContext.java:557] Exception encountered during context initialization - cancelling refresh attempt: org.springframework.beans.factory.BeanCreationException: Error creating bean with name 'quartzScheduler' defined in class path resource [org/springframework/boot/autoconfigure/quartz/QuartzAutoConfiguration.class]: Invocation of init method failed; nested exception is org.springframework.transaction.CannotCreateTransactionException: Could not open JDBC Connection for transaction; nested exception is com.mysql.cj.jdbc.exceptions.CommunicationsException: Communications link failure

The last packet sent successfully to the server was 0 milliseconds ago. The driver has not received any packets from the server.
2023-06-21 09:44:49,141 WARN [restartedMain] o.a.c.l.WebappClassLoaderBase [DirectJDKLog.java:173] The web application [community] appears to have started a thread named [logback-2] but has failed to stop it. This is very likely to create a memory leak. Stack trace of thread:
 sun.misc.Unsafe.park(Native Method)
 java.util.concurrent.locks.LockSupport.park(LockSupport.java:175)
 java.util.concurrent.locks.AbstractQueuedSynchronizer$ConditionObject.await(AbstractQueuedSynchronizer.java:2039)
 java.util.concurrent.ScheduledThreadPoolExecutor$DelayedWorkQueue.take(ScheduledThreadPoolExecutor.java:1081)
 java.util.concurrent.ScheduledThreadPoolExecutor$DelayedWorkQueue.take(ScheduledThreadPoolExecutor.java:809)
 java.util.concurrent.ThreadPoolExecutor.getTask(ThreadPoolExecutor.java:1074)
 java.util.concurrent.ThreadPoolExecutor.runWorker(ThreadPoolExecutor.java:1134)
 java.util.concurrent.ThreadPoolExecutor$Worker.run(ThreadPoolExecutor.java:624)
 java.lang.Thread.run(Thread.java:748)
2023-06-21 10:44:24,870 WARN [QuartzScheduler_communityScheduler-RawCode1687313678634_ClusterManager] c.z.h.p.PoolBase [PoolBase.java:176] HikariPool-1 - Failed to validate connection com.mysql.cj.jdbc.ConnectionImpl@55d3104d (No operations allowed after connection closed.). Possibly consider using a shorter maxLifetime value.
2023-06-21 10:44:24,872 WARN [QuartzScheduler_communityScheduler-RawCode1687313678634_ClusterManager] c.z.h.p.PoolBase [PoolBase.java:176] HikariPool-1 - Failed to validate connection com.mysql.cj.jdbc.ConnectionImpl@509d8b27 (No operations allowed after connection closed.). Possibly consider using a shorter maxLifetime value.
2023-06-21 10:49:30,547 WARN [restartedMain] o.a.c.c.C.[.[.[/community] [DirectJDKLog.java:173] Cannot deserialize session attribute [SPRING_SECURITY_CONTEXT] for session [D8FAF9BD8D45F1D54CFFFAE902BF1B9B]
2023-06-21 10:50:36,747 WARN [restartedMain] o.a.c.c.C.[.[.[/community] [DirectJDKLog.java:173] Cannot deserialize session attribute [SPRING_SECURITY_CONTEXT] for session [D8FAF9BD8D45F1D54CFFFAE902BF1B9B]
2023-06-21 11:17:07,969 WARN [org.springframework.kafka.KafkaListenerEndpointContainer#1-0-C-1] o.a.k.c.c.i.ConsumerCoordinator [ConsumerCoordinator.java:737] [Consumer clientId=consumer-6, groupId=test-consumer-group] Asynchronous auto-commit of offsets {publish-0=OffsetAndMetadata{offset=3, metadata=''}} failed: Commit cannot be completed since the group has already rebalanced and assigned the partitions to another member. This means that the time between subsequent calls to poll() was longer than the configured max.poll.interval.ms, which typically implies that the poll loop is spending too much time message processing. You can address this either by increasing the session timeout or by reducing the maximum size of batches returned in poll() with max.poll.records.
2023-06-21 11:17:07,969 WARN [org.springframework.kafka.KafkaListenerEndpointContainer#2-0-C-1] o.a.k.c.c.i.ConsumerCoordinator [ConsumerCoordinator.java:737] [Consumer clientId=consumer-2, groupId=test-consumer-group] Asynchronous auto-commit of offsets {delete-0=OffsetAndMetadata{offset=0, metadata=''}} failed: Commit cannot be completed since the group has already rebalanced and assigned the partitions to another member. This means that the time between subsequent calls to poll() was longer than the configured max.poll.interval.ms, which typically implies that the poll loop is spending too much time message processing. You can address this either by increasing the session timeout or by reducing the maximum size of batches returned in poll() with max.poll.records.
2023-06-21 11:17:07,970 WARN [org.springframework.kafka.KafkaListenerEndpointContainer#2-0-C-1] o.a.k.c.c.i.ConsumerCoordinator [ConsumerCoordinator.java:759] [Consumer clientId=consumer-2, groupId=test-consumer-group] Synchronous auto-commit of offsets {delete-0=OffsetAndMetadata{offset=0, metadata=''}} failed: Commit cannot be completed since the group has already rebalanced and assigned the partitions to another member. This means that the time between subsequent calls to poll() was longer than the configured max.poll.interval.ms, which typically implies that the poll loop is spending too much time message processing. You can address this either by increasing the session timeout or by reducing the maximum size of batches returned in poll() with max.poll.records.
2023-06-21 11:17:07,970 WARN [org.springframework.kafka.KafkaListenerEndpointContainer#1-0-C-1] o.a.k.c.c.i.ConsumerCoordinator [ConsumerCoordinator.java:759] [Consumer clientId=consumer-6, groupId=test-consumer-group] Synchronous auto-commit of offsets {publish-0=OffsetAndMetadata{offset=3, metadata=''}} failed: Commit cannot be completed since the group has already rebalanced and assigned the partitions to another member. This means that the time between subsequent calls to poll() was longer than the configured max.poll.interval.ms, which typically implies that the poll loop is spending too much time message processing. You can address this either by increasing the session timeout or by reducing the maximum size of batches returned in poll() with max.poll.records.
2023-06-21 11:17:09,921 WARN [HikariPool-1 housekeeper] c.z.h.p.HikariPool [HikariPool.java:766] HikariPool-1 - Thread starvation or clock leap detected (housekeeper delta=24m27s709ms461µs801ns).
2023-06-21 11:17:36,508 WARN [org.springframework.kafka.KafkaListenerEndpointContainer#0-0-C-1] o.a.k.c.NetworkClient [NetworkClient.java:671] [Consumer clientId=consumer-4, groupId=test-consumer-group] Connection to node 0 could not be established. Broker may not be available.
2023-06-21 11:17:36,509 WARN [org.springframework.kafka.KafkaListenerEndpointContainer#1-0-C-1] o.a.k.c.NetworkClient [NetworkClient.java:671] [Consumer clientId=consumer-6, groupId=test-consumer-group] Connection to node 0 could not be established. Broker may not be available.
2023-06-21 11:17:36,509 WARN [org.springframework.kafka.KafkaListenerEndpointContainer#2-0-C-1] o.a.k.c.NetworkClient [NetworkClient.java:671] [Consumer clientId=consumer-2, groupId=test-consumer-group] Connection to node 0 could not be established. Broker may not be available.
2023-06-21 11:17:36,610 WARN [org.springframework.kafka.KafkaListenerEndpointContainer#2-0-C-1] o.a.k.c.NetworkClient [NetworkClient.java:671] [Consumer clientId=consumer-2, groupId=test-consumer-group] Connection to node 0 could not be established. Broker may not be available.
2023-06-21 11:17:36,610 WARN [org.springframework.kafka.KafkaListenerEndpointContainer#0-0-C-1] o.a.k.c.NetworkClient [NetworkClient.java:671] [Consumer clientId=consumer-4, groupId=test-consumer-group] Connection to node 0 could not be established. Broker may not be available.
2023-06-21 11:17:36,610 WARN [org.springframework.kafka.KafkaListenerEndpointContainer#1-0-C-1] o.a.k.c.NetworkClient [NetworkClient.java:671] [Consumer clientId=consumer-6, groupId=test-consumer-group] Connection to node 0 could not be established. Broker may not be available.
2023-06-21 11:17:36,814 WARN [org.springframework.kafka.KafkaListenerEndpointContainer#0-0-C-1] o.a.k.c.NetworkClient [NetworkClient.java:671] [Consumer clientId=consumer-4, groupId=test-consumer-group] Connection to node 0 could not be established. Broker may not be available.
2023-06-21 11:17:36,814 WARN [org.springframework.kafka.KafkaListenerEndpointContainer#2-0-C-1] o.a.k.c.NetworkClient [NetworkClient.java:671] [Consumer clientId=consumer-2, groupId=test-consumer-group] Connection to node 0 could not be established. Broker may not be available.
2023-06-21 11:17:36,864 WARN [org.springframework.kafka.KafkaListenerEndpointContainer#1-0-C-1] o.a.k.c.NetworkClient [NetworkClient.java:671] [Consumer clientId=consumer-6, groupId=test-consumer-group] Connection to node 0 could not be established. Broker may not be available.
2023-06-21 11:17:37,218 WARN [org.springframework.kafka.KafkaListenerEndpointContainer#0-0-C-1] o.a.k.c.NetworkClient [NetworkClient.java:671] [Consumer clientId=consumer-4, groupId=test-consumer-group] Connection to node 0 could not be established. Broker may not be available.
2023-06-21 11:17:37,267 WARN [org.springframework.kafka.KafkaListenerEndpointContainer#2-0-C-1] o.a.k.c.NetworkClient [NetworkClient.java:671] [Consumer clientId=consumer-2, groupId=test-consumer-group] Connection to node 0 could not be established. Broker may not be available.
2023-06-21 11:17:37,318 WARN [org.springframework.kafka.KafkaListenerEndpointContainer#1-0-C-1] o.a.k.c.NetworkClient [NetworkClient.java:671] [Consumer clientId=consumer-6, groupId=test-consumer-group] Connection to node 0 could not be established. Broker may not be available.
2023-06-21 11:20:25,419 WARN [QuartzScheduler_communityScheduler-RawCode1687315842168_ClusterManager] c.z.h.p.PoolBase [PoolBase.java:176] HikariPool-1 - Failed to validate connection com.mysql.cj.jdbc.ConnectionImpl@a7b9444 (No operations allowed after connection closed.). Possibly consider using a shorter maxLifetime value.
2023-06-21 11:20:25,421 WARN [QuartzScheduler_communityScheduler-RawCode1687315842168_ClusterManager] c.z.h.p.PoolBase [PoolBase.java:176] HikariPool-1 - Failed to validate connection com.mysql.cj.jdbc.ConnectionImpl@5820b0f1 (No operations allowed after connection closed.). Possibly consider using a shorter maxLifetime value.
