2023-06-05 11:23:47,224 ERROR [restartedMain] o.s.d.e.r.s.AbstractElasticsearchRepository [AbstractElasticsearchRepository.java:91] failed to load elasticsearch nodes : org.elasticsearch.client.transport.NoNodeAvailableException: None of the configured nodes are available: [{#transport#-1}{MStnsCFFTQWffjzHEyh0bQ}{127.0.0.1}{127.0.0.1:9300}]
2023-06-05 11:28:51,228 ERROR [org.springframework.kafka.KafkaListenerEndpointContainer#0-0-C-1] o.s.k.l.LoggingErrorHandler [LoggingErrorHandler.java:37] Error while processing: ConsumerRecord(topic = publish, partition = 0, offset = 1, CreateTime = 1685935731105, serialized key size = -1, serialized value size = 89, headers = RecordHeaders(headers = [], isReadOnly = false), key = null, value = {"data":{},"entityId":300,"entityType":1,"entityUserId":0,"topic":"publish","userId":151})
org.springframework.kafka.listener.ListenerExecutionFailedException: Listener method 'public void com.nowcoder.community.event.EventConsumer.handlePublishMessage(org.apache.kafka.clients.consumer.ConsumerRecord)' threw exception; nested exception is NoNodeAvailableException[None of the configured nodes are available: [{#transport#-1}{MStnsCFFTQWffjzHEyh0bQ}{127.0.0.1}{127.0.0.1:9300}]]; nested exception is NoNodeAvailableException[None of the configured nodes are available: [{#transport#-1}{MStnsCFFTQWffjzHEyh0bQ}{127.0.0.1}{127.0.0.1:9300}]]
	at org.springframework.kafka.listener.KafkaMessageListenerContainer$ListenerConsumer.decorateException(KafkaMessageListenerContainer.java:1311)
	at org.springframework.kafka.listener.KafkaMessageListenerContainer$ListenerConsumer.invokeErrorHandler(KafkaMessageListenerContainer.java:1300)
	at org.springframework.kafka.listener.KafkaMessageListenerContainer$ListenerConsumer.doInvokeRecordListener(KafkaMessageListenerContainer.java:1227)
	at org.springframework.kafka.listener.KafkaMessageListenerContainer$ListenerConsumer.doInvokeWithRecords(KafkaMessageListenerContainer.java:1198)
	at org.springframework.kafka.listener.KafkaMessageListenerContainer$ListenerConsumer.invokeRecordListener(KafkaMessageListenerContainer.java:1118)
	at org.springframework.kafka.listener.KafkaMessageListenerContainer$ListenerConsumer.invokeListener(KafkaMessageListenerContainer.java:933)
	at org.springframework.kafka.listener.KafkaMessageListenerContainer$ListenerConsumer.pollAndInvoke(KafkaMessageListenerContainer.java:749)
	at org.springframework.kafka.listener.KafkaMessageListenerContainer$ListenerConsumer.run(KafkaMessageListenerContainer.java:698)
	at java.util.concurrent.Executors$RunnableAdapter.call(Executors.java:511)
	at java.util.concurrent.FutureTask.run(FutureTask.java:266)
	at java.lang.Thread.run(Thread.java:748)
Caused by: org.elasticsearch.client.transport.NoNodeAvailableException: None of the configured nodes are available: [{#transport#-1}{MStnsCFFTQWffjzHEyh0bQ}{127.0.0.1}{127.0.0.1:9300}]
	at org.elasticsearch.client.transport.TransportClientNodesService.ensureNodesAreAvailable(TransportClientNodesService.java:349)
	at org.elasticsearch.client.transport.TransportClientNodesService.execute(TransportClientNodesService.java:247)
	at org.elasticsearch.client.transport.TransportProxyClient.execute(TransportProxyClient.java:60)
	at org.elasticsearch.client.transport.TransportClient.doExecute(TransportClient.java:381)
	at org.elasticsearch.client.support.AbstractClient.execute(AbstractClient.java:407)
	at org.elasticsearch.client.support.AbstractClient.execute(AbstractClient.java:396)
	at org.elasticsearch.action.ActionRequestBuilder.execute(ActionRequestBuilder.java:46)
	at org.springframework.data.elasticsearch.core.ElasticsearchTemplate.index(ElasticsearchTemplate.java:577)
	at org.springframework.data.elasticsearch.repository.support.AbstractElasticsearchRepository.save(AbstractElasticsearchRepository.java:156)
	at sun.reflect.NativeMethodAccessorImpl.invoke0(Native Method)
	at sun.reflect.NativeMethodAccessorImpl.invoke(NativeMethodAccessorImpl.java:62)
	at sun.reflect.DelegatingMethodAccessorImpl.invoke(DelegatingMethodAccessorImpl.java:43)
	at java.lang.reflect.Method.invoke(Method.java:498)
	at org.springframework.data.repository.core.support.RepositoryComposition$RepositoryFragments.invoke(RepositoryComposition.java:359)
	at org.springframework.data.repository.core.support.RepositoryComposition.invoke(RepositoryComposition.java:200)
	at org.springframework.data.repository.core.support.RepositoryFactorySupport$ImplementationMethodExecutionInterceptor.invoke(RepositoryFactorySupport.java:644)
	at org.springframework.aop.framework.ReflectiveMethodInvocation.proceed(ReflectiveMethodInvocation.java:186)
	at org.springframework.data.repository.core.support.RepositoryFactorySupport$QueryExecutorMethodInterceptor.doInvoke(RepositoryFactorySupport.java:608)
	at org.springframework.data.repository.core.support.RepositoryFactorySupport$QueryExecutorMethodInterceptor.lambda$invoke$3(RepositoryFactorySupport.java:595)
	at org.springframework.data.repository.core.support.RepositoryFactorySupport$QueryExecutorMethodInterceptor.invoke(RepositoryFactorySupport.java:595)
	at org.springframework.aop.framework.ReflectiveMethodInvocation.proceed(ReflectiveMethodInvocation.java:186)
	at org.springframework.data.projection.DefaultMethodInvokingMethodInterceptor.invoke(DefaultMethodInvokingMethodInterceptor.java:59)
	at org.springframework.aop.framework.ReflectiveMethodInvocation.proceed(ReflectiveMethodInvocation.java:186)
	at org.springframework.aop.interceptor.ExposeInvocationInterceptor.invoke(ExposeInvocationInterceptor.java:93)
	at org.springframework.aop.framework.ReflectiveMethodInvocation.proceed(ReflectiveMethodInvocation.java:186)
	at org.springframework.data.repository.core.support.SurroundingTransactionDetectorMethodInterceptor.invoke(SurroundingTransactionDetectorMethodInterceptor.java:61)
	at org.springframework.aop.framework.ReflectiveMethodInvocation.proceed(ReflectiveMethodInvocation.java:186)
	at org.springframework.aop.framework.JdkDynamicAopProxy.invoke(JdkDynamicAopProxy.java:212)
	at com.sun.proxy.$Proxy110.save(Unknown Source)
	at sun.reflect.NativeMethodAccessorImpl.invoke0(Native Method)
	at sun.reflect.NativeMethodAccessorImpl.invoke(NativeMethodAccessorImpl.java:62)
	at sun.reflect.DelegatingMethodAccessorImpl.invoke(DelegatingMethodAccessorImpl.java:43)
	at java.lang.reflect.Method.invoke(Method.java:498)
	at org.springframework.aop.support.AopUtils.invokeJoinpointUsingReflection(AopUtils.java:343)
	at org.springframework.aop.framework.ReflectiveMethodInvocation.invokeJoinpoint(ReflectiveMethodInvocation.java:198)
	at org.springframework.aop.framework.ReflectiveMethodInvocation.proceed(ReflectiveMethodInvocation.java:163)
	at org.springframework.dao.support.PersistenceExceptionTranslationInterceptor.invoke(PersistenceExceptionTranslationInterceptor.java:139)
	at org.springframework.aop.framework.ReflectiveMethodInvocation.proceed(ReflectiveMethodInvocation.java:186)
	at org.springframework.aop.framework.JdkDynamicAopProxy.invoke(JdkDynamicAopProxy.java:212)
	at com.sun.proxy.$Proxy110.save(Unknown Source)
	at com.nowcoder.community.service.ElasticsearchService.saveDiscussPost(ElasticsearchService.java:39)
	at com.nowcoder.community.service.ElasticsearchService$$FastClassBySpringCGLIB$$7e7a6e28.invoke(<generated>)
	at org.springframework.cglib.proxy.MethodProxy.invoke(MethodProxy.java:218)
	at org.springframework.aop.framework.CglibAopProxy$CglibMethodInvocation.invokeJoinpoint(CglibAopProxy.java:749)
	at org.springframework.aop.framework.ReflectiveMethodInvocation.proceed(ReflectiveMethodInvocation.java:163)
	at org.springframework.aop.framework.adapter.MethodBeforeAdviceInterceptor.invoke(MethodBeforeAdviceInterceptor.java:56)
	at org.springframework.aop.framework.ReflectiveMethodInvocation.proceed(ReflectiveMethodInvocation.java:186)
	at org.springframework.aop.interceptor.ExposeInvocationInterceptor.invoke(ExposeInvocationInterceptor.java:93)
	at org.springframework.aop.framework.ReflectiveMethodInvocation.proceed(ReflectiveMethodInvocation.java:186)
	at org.springframework.aop.framework.CglibAopProxy$DynamicAdvisedInterceptor.intercept(CglibAopProxy.java:688)
	at com.nowcoder.community.service.ElasticsearchService$$EnhancerBySpringCGLIB$$2a9adb99.saveDiscussPost(<generated>)
	at com.nowcoder.community.event.EventConsumer.handlePublishMessage(EventConsumer.java:86)
	at sun.reflect.NativeMethodAccessorImpl.invoke0(Native Method)
	at sun.reflect.NativeMethodAccessorImpl.invoke(NativeMethodAccessorImpl.java:62)
	at sun.reflect.DelegatingMethodAccessorImpl.invoke(DelegatingMethodAccessorImpl.java:43)
	at java.lang.reflect.Method.invoke(Method.java:498)
	at org.springframework.messaging.handler.invocation.InvocableHandlerMethod.doInvoke(InvocableHandlerMethod.java:171)
	at org.springframework.messaging.handler.invocation.InvocableHandlerMethod.invoke(InvocableHandlerMethod.java:120)
	at org.springframework.kafka.listener.adapter.HandlerAdapter.invoke(HandlerAdapter.java:48)
	at org.springframework.kafka.listener.adapter.MessagingMessageListenerAdapter.invokeHandler(MessagingMessageListenerAdapter.java:283)
	at org.springframework.kafka.listener.adapter.RecordMessagingMessageListenerAdapter.onMessage(RecordMessagingMessageListenerAdapter.java:79)
	at org.springframework.kafka.listener.adapter.RecordMessagingMessageListenerAdapter.onMessage(RecordMessagingMessageListenerAdapter.java:50)
	at org.springframework.kafka.listener.KafkaMessageListenerContainer$ListenerConsumer.doInvokeOnMessage(KafkaMessageListenerContainer.java:1263)
	at org.springframework.kafka.listener.KafkaMessageListenerContainer$ListenerConsumer.invokeOnMessage(KafkaMessageListenerContainer.java:1256)
	at org.springframework.kafka.listener.KafkaMessageListenerContainer$ListenerConsumer.doInvokeRecordListener(KafkaMessageListenerContainer.java:1217)
	... 8 common frames omitted
2023-06-05 11:29:32,384 ERROR [org.springframework.kafka.KafkaListenerEndpointContainer#0-0-C-1] o.s.k.l.LoggingErrorHandler [LoggingErrorHandler.java:37] Error while processing: ConsumerRecord(topic = publish, partition = 0, offset = 2, CreateTime = 1685935772371, serialized key size = -1, serialized value size = 87, headers = RecordHeaders(headers = [], isReadOnly = false), key = null, value = {"data":{},"entityId":275,"entityType":1,"entityUserId":0,"topic":"publish","userId":0})
org.springframework.kafka.listener.ListenerExecutionFailedException: Listener method 'public void com.nowcoder.community.event.EventConsumer.handlePublishMessage(org.apache.kafka.clients.consumer.ConsumerRecord)' threw exception; nested exception is NoNodeAvailableException[None of the configured nodes are available: [{#transport#-1}{MStnsCFFTQWffjzHEyh0bQ}{127.0.0.1}{127.0.0.1:9300}]]; nested exception is NoNodeAvailableException[None of the configured nodes are available: [{#transport#-1}{MStnsCFFTQWffjzHEyh0bQ}{127.0.0.1}{127.0.0.1:9300}]]
	at org.springframework.kafka.listener.KafkaMessageListenerContainer$ListenerConsumer.decorateException(KafkaMessageListenerContainer.java:1311)
	at org.springframework.kafka.listener.KafkaMessageListenerContainer$ListenerConsumer.invokeErrorHandler(KafkaMessageListenerContainer.java:1300)
	at org.springframework.kafka.listener.KafkaMessageListenerContainer$ListenerConsumer.doInvokeRecordListener(KafkaMessageListenerContainer.java:1227)
	at org.springframework.kafka.listener.KafkaMessageListenerContainer$ListenerConsumer.doInvokeWithRecords(KafkaMessageListenerContainer.java:1198)
	at org.springframework.kafka.listener.KafkaMessageListenerContainer$ListenerConsumer.invokeRecordListener(KafkaMessageListenerContainer.java:1118)
	at org.springframework.kafka.listener.KafkaMessageListenerContainer$ListenerConsumer.invokeListener(KafkaMessageListenerContainer.java:933)
	at org.springframework.kafka.listener.KafkaMessageListenerContainer$ListenerConsumer.pollAndInvoke(KafkaMessageListenerContainer.java:749)
	at org.springframework.kafka.listener.KafkaMessageListenerContainer$ListenerConsumer.run(KafkaMessageListenerContainer.java:698)
	at java.util.concurrent.Executors$RunnableAdapter.call(Executors.java:511)
	at java.util.concurrent.FutureTask.run(FutureTask.java:266)
	at java.lang.Thread.run(Thread.java:748)
Caused by: org.elasticsearch.client.transport.NoNodeAvailableException: None of the configured nodes are available: [{#transport#-1}{MStnsCFFTQWffjzHEyh0bQ}{127.0.0.1}{127.0.0.1:9300}]
	at org.elasticsearch.client.transport.TransportClientNodesService.ensureNodesAreAvailable(TransportClientNodesService.java:349)
	at org.elasticsearch.client.transport.TransportClientNodesService.execute(TransportClientNodesService.java:247)
	at org.elasticsearch.client.transport.TransportProxyClient.execute(TransportProxyClient.java:60)
	at org.elasticsearch.client.transport.TransportClient.doExecute(TransportClient.java:381)
	at org.elasticsearch.client.support.AbstractClient.execute(AbstractClient.java:407)
	at org.elasticsearch.client.support.AbstractClient.execute(AbstractClient.java:396)
	at org.elasticsearch.action.ActionRequestBuilder.execute(ActionRequestBuilder.java:46)
	at org.springframework.data.elasticsearch.core.ElasticsearchTemplate.index(ElasticsearchTemplate.java:577)
	at org.springframework.data.elasticsearch.repository.support.AbstractElasticsearchRepository.save(AbstractElasticsearchRepository.java:156)
	at sun.reflect.NativeMethodAccessorImpl.invoke0(Native Method)
	at sun.reflect.NativeMethodAccessorImpl.invoke(NativeMethodAccessorImpl.java:62)
	at sun.reflect.DelegatingMethodAccessorImpl.invoke(DelegatingMethodAccessorImpl.java:43)
	at java.lang.reflect.Method.invoke(Method.java:498)
	at org.springframework.data.repository.core.support.RepositoryComposition$RepositoryFragments.invoke(RepositoryComposition.java:359)
	at org.springframework.data.repository.core.support.RepositoryComposition.invoke(RepositoryComposition.java:200)
	at org.springframework.data.repository.core.support.RepositoryFactorySupport$ImplementationMethodExecutionInterceptor.invoke(RepositoryFactorySupport.java:644)
	at org.springframework.aop.framework.ReflectiveMethodInvocation.proceed(ReflectiveMethodInvocation.java:186)
	at org.springframework.data.repository.core.support.RepositoryFactorySupport$QueryExecutorMethodInterceptor.doInvoke(RepositoryFactorySupport.java:608)
	at org.springframework.data.repository.core.support.RepositoryFactorySupport$QueryExecutorMethodInterceptor.lambda$invoke$3(RepositoryFactorySupport.java:595)
	at org.springframework.data.repository.core.support.RepositoryFactorySupport$QueryExecutorMethodInterceptor.invoke(RepositoryFactorySupport.java:595)
	at org.springframework.aop.framework.ReflectiveMethodInvocation.proceed(ReflectiveMethodInvocation.java:186)
	at org.springframework.data.projection.DefaultMethodInvokingMethodInterceptor.invoke(DefaultMethodInvokingMethodInterceptor.java:59)
	at org.springframework.aop.framework.ReflectiveMethodInvocation.proceed(ReflectiveMethodInvocation.java:186)
	at org.springframework.aop.interceptor.ExposeInvocationInterceptor.invoke(ExposeInvocationInterceptor.java:93)
	at org.springframework.aop.framework.ReflectiveMethodInvocation.proceed(ReflectiveMethodInvocation.java:186)
	at org.springframework.data.repository.core.support.SurroundingTransactionDetectorMethodInterceptor.invoke(SurroundingTransactionDetectorMethodInterceptor.java:61)
	at org.springframework.aop.framework.ReflectiveMethodInvocation.proceed(ReflectiveMethodInvocation.java:186)
	at org.springframework.aop.framework.JdkDynamicAopProxy.invoke(JdkDynamicAopProxy.java:212)
	at com.sun.proxy.$Proxy110.save(Unknown Source)
	at sun.reflect.NativeMethodAccessorImpl.invoke0(Native Method)
	at sun.reflect.NativeMethodAccessorImpl.invoke(NativeMethodAccessorImpl.java:62)
	at sun.reflect.DelegatingMethodAccessorImpl.invoke(DelegatingMethodAccessorImpl.java:43)
	at java.lang.reflect.Method.invoke(Method.java:498)
	at org.springframework.aop.support.AopUtils.invokeJoinpointUsingReflection(AopUtils.java:343)
	at org.springframework.aop.framework.ReflectiveMethodInvocation.invokeJoinpoint(ReflectiveMethodInvocation.java:198)
	at org.springframework.aop.framework.ReflectiveMethodInvocation.proceed(ReflectiveMethodInvocation.java:163)
	at org.springframework.dao.support.PersistenceExceptionTranslationInterceptor.invoke(PersistenceExceptionTranslationInterceptor.java:139)
	at org.springframework.aop.framework.ReflectiveMethodInvocation.proceed(ReflectiveMethodInvocation.java:186)
	at org.springframework.aop.framework.JdkDynamicAopProxy.invoke(JdkDynamicAopProxy.java:212)
	at com.sun.proxy.$Proxy110.save(Unknown Source)
	at com.nowcoder.community.service.ElasticsearchService.saveDiscussPost(ElasticsearchService.java:39)
	at com.nowcoder.community.service.ElasticsearchService$$FastClassBySpringCGLIB$$7e7a6e28.invoke(<generated>)
	at org.springframework.cglib.proxy.MethodProxy.invoke(MethodProxy.java:218)
	at org.springframework.aop.framework.CglibAopProxy$CglibMethodInvocation.invokeJoinpoint(CglibAopProxy.java:749)
	at org.springframework.aop.framework.ReflectiveMethodInvocation.proceed(ReflectiveMethodInvocation.java:163)
	at org.springframework.aop.framework.adapter.MethodBeforeAdviceInterceptor.invoke(MethodBeforeAdviceInterceptor.java:56)
	at org.springframework.aop.framework.ReflectiveMethodInvocation.proceed(ReflectiveMethodInvocation.java:186)
	at org.springframework.aop.interceptor.ExposeInvocationInterceptor.invoke(ExposeInvocationInterceptor.java:93)
	at org.springframework.aop.framework.ReflectiveMethodInvocation.proceed(ReflectiveMethodInvocation.java:186)
	at org.springframework.aop.framework.CglibAopProxy$DynamicAdvisedInterceptor.intercept(CglibAopProxy.java:688)
	at com.nowcoder.community.service.ElasticsearchService$$EnhancerBySpringCGLIB$$2a9adb99.saveDiscussPost(<generated>)
	at com.nowcoder.community.event.EventConsumer.handlePublishMessage(EventConsumer.java:86)
	at sun.reflect.NativeMethodAccessorImpl.invoke0(Native Method)
	at sun.reflect.NativeMethodAccessorImpl.invoke(NativeMethodAccessorImpl.java:62)
	at sun.reflect.DelegatingMethodAccessorImpl.invoke(DelegatingMethodAccessorImpl.java:43)
	at java.lang.reflect.Method.invoke(Method.java:498)
	at org.springframework.messaging.handler.invocation.InvocableHandlerMethod.doInvoke(InvocableHandlerMethod.java:171)
	at org.springframework.messaging.handler.invocation.InvocableHandlerMethod.invoke(InvocableHandlerMethod.java:120)
	at org.springframework.kafka.listener.adapter.HandlerAdapter.invoke(HandlerAdapter.java:48)
	at org.springframework.kafka.listener.adapter.MessagingMessageListenerAdapter.invokeHandler(MessagingMessageListenerAdapter.java:283)
	at org.springframework.kafka.listener.adapter.RecordMessagingMessageListenerAdapter.onMessage(RecordMessagingMessageListenerAdapter.java:79)
	at org.springframework.kafka.listener.adapter.RecordMessagingMessageListenerAdapter.onMessage(RecordMessagingMessageListenerAdapter.java:50)
	at org.springframework.kafka.listener.KafkaMessageListenerContainer$ListenerConsumer.doInvokeOnMessage(KafkaMessageListenerContainer.java:1263)
	at org.springframework.kafka.listener.KafkaMessageListenerContainer$ListenerConsumer.invokeOnMessage(KafkaMessageListenerContainer.java:1256)
	at org.springframework.kafka.listener.KafkaMessageListenerContainer$ListenerConsumer.doInvokeRecordListener(KafkaMessageListenerContainer.java:1217)
	... 8 common frames omitted
2023-06-05 16:33:31,563 ERROR [restartedMain] o.s.d.e.r.s.AbstractElasticsearchRepository [AbstractElasticsearchRepository.java:91] failed to load elasticsearch nodes : org.elasticsearch.client.transport.NoNodeAvailableException: None of the configured nodes are available: [{#transport#-1}{glvombHgTMSPYltAG7jHaw}{127.0.0.1}{127.0.0.1:9300}]
2023-06-05 16:39:13,985 ERROR [http-nio-8080-exec-5] c.n.c.c.a.ExceptionAdvice [ExceptionAdvice.java:23] 服务器发生异常: Missing cookie 'kapthaOwner' for method parameter of type String
2023-06-05 16:39:13,986 ERROR [http-nio-8080-exec-5] c.n.c.c.a.ExceptionAdvice [ExceptionAdvice.java:25] org.springframework.web.method.annotation.AbstractCookieValueMethodArgumentResolver.handleMissingValue(AbstractCookieValueMethodArgumentResolver.java:70)
2023-06-05 16:39:13,986 ERROR [http-nio-8080-exec-5] c.n.c.c.a.ExceptionAdvice [ExceptionAdvice.java:25] org.springframework.web.method.annotation.AbstractNamedValueMethodArgumentResolver.handleMissingValue(AbstractNamedValueMethodArgumentResolver.java:221)
2023-06-05 16:39:13,987 ERROR [http-nio-8080-exec-5] c.n.c.c.a.ExceptionAdvice [ExceptionAdvice.java:25] org.springframework.web.method.annotation.AbstractNamedValueMethodArgumentResolver.resolveArgument(AbstractNamedValueMethodArgumentResolver.java:113)
2023-06-05 16:39:13,987 ERROR [http-nio-8080-exec-5] c.n.c.c.a.ExceptionAdvice [ExceptionAdvice.java:25] org.springframework.web.method.support.HandlerMethodArgumentResolverComposite.resolveArgument(HandlerMethodArgumentResolverComposite.java:126)
2023-06-05 16:39:13,987 ERROR [http-nio-8080-exec-5] c.n.c.c.a.ExceptionAdvice [ExceptionAdvice.java:25] org.springframework.web.method.support.InvocableHandlerMethod.getMethodArgumentValues(InvocableHandlerMethod.java:167)
2023-06-05 16:39:13,987 ERROR [http-nio-8080-exec-5] c.n.c.c.a.ExceptionAdvice [ExceptionAdvice.java:25] org.springframework.web.method.support.InvocableHandlerMethod.invokeForRequest(InvocableHandlerMethod.java:134)
2023-06-05 16:39:13,987 ERROR [http-nio-8080-exec-5] c.n.c.c.a.ExceptionAdvice [ExceptionAdvice.java:25] org.springframework.web.servlet.mvc.method.annotation.ServletInvocableHandlerMethod.invokeAndHandle(ServletInvocableHandlerMethod.java:104)
2023-06-05 16:39:13,988 ERROR [http-nio-8080-exec-5] c.n.c.c.a.ExceptionAdvice [ExceptionAdvice.java:25] org.springframework.web.servlet.mvc.method.annotation.RequestMappingHandlerAdapter.invokeHandlerMethod(RequestMappingHandlerAdapter.java:892)
2023-06-05 16:39:13,988 ERROR [http-nio-8080-exec-5] c.n.c.c.a.ExceptionAdvice [ExceptionAdvice.java:25] org.springframework.web.servlet.mvc.method.annotation.RequestMappingHandlerAdapter.handleInternal(RequestMappingHandlerAdapter.java:797)
2023-06-05 16:39:13,988 ERROR [http-nio-8080-exec-5] c.n.c.c.a.ExceptionAdvice [ExceptionAdvice.java:25] org.springframework.web.servlet.mvc.method.AbstractHandlerMethodAdapter.handle(AbstractHandlerMethodAdapter.java:87)
2023-06-05 16:39:13,988 ERROR [http-nio-8080-exec-5] c.n.c.c.a.ExceptionAdvice [ExceptionAdvice.java:25] org.springframework.web.servlet.DispatcherServlet.doDispatch(DispatcherServlet.java:1039)
2023-06-05 16:39:13,988 ERROR [http-nio-8080-exec-5] c.n.c.c.a.ExceptionAdvice [ExceptionAdvice.java:25] org.springframework.web.servlet.DispatcherServlet.doService(DispatcherServlet.java:942)
2023-06-05 16:39:13,988 ERROR [http-nio-8080-exec-5] c.n.c.c.a.ExceptionAdvice [ExceptionAdvice.java:25] org.springframework.web.servlet.FrameworkServlet.processRequest(FrameworkServlet.java:1005)
2023-06-05 16:39:13,989 ERROR [http-nio-8080-exec-5] c.n.c.c.a.ExceptionAdvice [ExceptionAdvice.java:25] org.springframework.web.servlet.FrameworkServlet.doPost(FrameworkServlet.java:908)
2023-06-05 16:39:13,989 ERROR [http-nio-8080-exec-5] c.n.c.c.a.ExceptionAdvice [ExceptionAdvice.java:25] javax.servlet.http.HttpServlet.service(HttpServlet.java:660)
2023-06-05 16:39:13,989 ERROR [http-nio-8080-exec-5] c.n.c.c.a.ExceptionAdvice [ExceptionAdvice.java:25] org.springframework.web.servlet.FrameworkServlet.service(FrameworkServlet.java:882)
2023-06-05 16:39:13,989 ERROR [http-nio-8080-exec-5] c.n.c.c.a.ExceptionAdvice [ExceptionAdvice.java:25] javax.servlet.http.HttpServlet.service(HttpServlet.java:741)
2023-06-05 16:39:13,989 ERROR [http-nio-8080-exec-5] c.n.c.c.a.ExceptionAdvice [ExceptionAdvice.java:25] org.apache.catalina.core.ApplicationFilterChain.internalDoFilter(ApplicationFilterChain.java:231)
2023-06-05 16:39:13,989 ERROR [http-nio-8080-exec-5] c.n.c.c.a.ExceptionAdvice [ExceptionAdvice.java:25] org.apache.catalina.core.ApplicationFilterChain.doFilter(ApplicationFilterChain.java:166)
2023-06-05 16:39:13,990 ERROR [http-nio-8080-exec-5] c.n.c.c.a.ExceptionAdvice [ExceptionAdvice.java:25] org.apache.tomcat.websocket.server.WsFilter.doFilter(WsFilter.java:53)
2023-06-05 16:39:13,990 ERROR [http-nio-8080-exec-5] c.n.c.c.a.ExceptionAdvice [ExceptionAdvice.java:25] org.apache.catalina.core.ApplicationFilterChain.internalDoFilter(ApplicationFilterChain.java:193)
2023-06-05 16:39:13,990 ERROR [http-nio-8080-exec-5] c.n.c.c.a.ExceptionAdvice [ExceptionAdvice.java:25] org.apache.catalina.core.ApplicationFilterChain.doFilter(ApplicationFilterChain.java:166)
2023-06-05 16:39:13,990 ERROR [http-nio-8080-exec-5] c.n.c.c.a.ExceptionAdvice [ExceptionAdvice.java:25] org.springframework.security.web.FilterChainProxy$VirtualFilterChain.doFilter(FilterChainProxy.java:320)
2023-06-05 16:39:13,991 ERROR [http-nio-8080-exec-5] c.n.c.c.a.ExceptionAdvice [ExceptionAdvice.java:25] org.springframework.security.web.access.intercept.FilterSecurityInterceptor.invoke(FilterSecurityInterceptor.java:127)
2023-06-05 16:39:13,991 ERROR [http-nio-8080-exec-5] c.n.c.c.a.ExceptionAdvice [ExceptionAdvice.java:25] org.springframework.security.web.access.intercept.FilterSecurityInterceptor.doFilter(FilterSecurityInterceptor.java:91)
2023-06-05 16:39:13,991 ERROR [http-nio-8080-exec-5] c.n.c.c.a.ExceptionAdvice [ExceptionAdvice.java:25] org.springframework.security.web.FilterChainProxy$VirtualFilterChain.doFilter(FilterChainProxy.java:334)
2023-06-05 16:39:13,991 ERROR [http-nio-8080-exec-5] c.n.c.c.a.ExceptionAdvice [ExceptionAdvice.java:25] org.springframework.security.web.access.ExceptionTranslationFilter.doFilter(ExceptionTranslationFilter.java:119)
2023-06-05 16:39:13,991 ERROR [http-nio-8080-exec-5] c.n.c.c.a.ExceptionAdvice [ExceptionAdvice.java:25] org.springframework.security.web.FilterChainProxy$VirtualFilterChain.doFilter(FilterChainProxy.java:334)
2023-06-05 16:39:13,992 ERROR [http-nio-8080-exec-5] c.n.c.c.a.ExceptionAdvice [ExceptionAdvice.java:25] org.springframework.security.web.session.SessionManagementFilter.doFilter(SessionManagementFilter.java:137)
2023-06-05 16:39:13,992 ERROR [http-nio-8080-exec-5] c.n.c.c.a.ExceptionAdvice [ExceptionAdvice.java:25] org.springframework.security.web.FilterChainProxy$VirtualFilterChain.doFilter(FilterChainProxy.java:334)
2023-06-05 16:39:13,992 ERROR [http-nio-8080-exec-5] c.n.c.c.a.ExceptionAdvice [ExceptionAdvice.java:25] org.springframework.security.web.authentication.AnonymousAuthenticationFilter.doFilter(AnonymousAuthenticationFilter.java:111)
2023-06-05 16:39:13,992 ERROR [http-nio-8080-exec-5] c.n.c.c.a.ExceptionAdvice [ExceptionAdvice.java:25] org.springframework.security.web.FilterChainProxy$VirtualFilterChain.doFilter(FilterChainProxy.java:334)
2023-06-05 16:39:13,992 ERROR [http-nio-8080-exec-5] c.n.c.c.a.ExceptionAdvice [ExceptionAdvice.java:25] org.springframework.security.web.servletapi.SecurityContextHolderAwareRequestFilter.doFilter(SecurityContextHolderAwareRequestFilter.java:170)
2023-06-05 16:39:13,993 ERROR [http-nio-8080-exec-5] c.n.c.c.a.ExceptionAdvice [ExceptionAdvice.java:25] org.springframework.security.web.FilterChainProxy$VirtualFilterChain.doFilter(FilterChainProxy.java:334)
2023-06-05 16:39:13,993 ERROR [http-nio-8080-exec-5] c.n.c.c.a.ExceptionAdvice [ExceptionAdvice.java:25] org.springframework.security.web.savedrequest.RequestCacheAwareFilter.doFilter(RequestCacheAwareFilter.java:63)
2023-06-05 16:39:13,993 ERROR [http-nio-8080-exec-5] c.n.c.c.a.ExceptionAdvice [ExceptionAdvice.java:25] org.springframework.security.web.FilterChainProxy$VirtualFilterChain.doFilter(FilterChainProxy.java:334)
2023-06-05 16:39:13,993 ERROR [http-nio-8080-exec-5] c.n.c.c.a.ExceptionAdvice [ExceptionAdvice.java:25] org.springframework.security.web.authentication.logout.LogoutFilter.doFilter(LogoutFilter.java:116)
2023-06-05 16:39:13,993 ERROR [http-nio-8080-exec-5] c.n.c.c.a.ExceptionAdvice [ExceptionAdvice.java:25] org.springframework.security.web.FilterChainProxy$VirtualFilterChain.doFilter(FilterChainProxy.java:334)
2023-06-05 16:39:13,993 ERROR [http-nio-8080-exec-5] c.n.c.c.a.ExceptionAdvice [ExceptionAdvice.java:25] org.springframework.security.web.header.HeaderWriterFilter.doFilterInternal(HeaderWriterFilter.java:74)
2023-06-05 16:39:13,993 ERROR [http-nio-8080-exec-5] c.n.c.c.a.ExceptionAdvice [ExceptionAdvice.java:25] org.springframework.web.filter.OncePerRequestFilter.doFilter(OncePerRequestFilter.java:107)
2023-06-05 16:39:13,994 ERROR [http-nio-8080-exec-5] c.n.c.c.a.ExceptionAdvice [ExceptionAdvice.java:25] org.springframework.security.web.FilterChainProxy$VirtualFilterChain.doFilter(FilterChainProxy.java:334)
2023-06-05 16:39:13,994 ERROR [http-nio-8080-exec-5] c.n.c.c.a.ExceptionAdvice [ExceptionAdvice.java:25] org.springframework.security.web.context.SecurityContextPersistenceFilter.doFilter(SecurityContextPersistenceFilter.java:105)
2023-06-05 16:39:13,994 ERROR [http-nio-8080-exec-5] c.n.c.c.a.ExceptionAdvice [ExceptionAdvice.java:25] org.springframework.security.web.FilterChainProxy$VirtualFilterChain.doFilter(FilterChainProxy.java:334)
2023-06-05 16:39:13,994 ERROR [http-nio-8080-exec-5] c.n.c.c.a.ExceptionAdvice [ExceptionAdvice.java:25] org.springframework.security.web.context.request.async.WebAsyncManagerIntegrationFilter.doFilterInternal(WebAsyncManagerIntegrationFilter.java:56)
2023-06-05 16:39:13,994 ERROR [http-nio-8080-exec-5] c.n.c.c.a.ExceptionAdvice [ExceptionAdvice.java:25] org.springframework.web.filter.OncePerRequestFilter.doFilter(OncePerRequestFilter.java:107)
2023-06-05 16:39:13,994 ERROR [http-nio-8080-exec-5] c.n.c.c.a.ExceptionAdvice [ExceptionAdvice.java:25] org.springframework.security.web.FilterChainProxy$VirtualFilterChain.doFilter(FilterChainProxy.java:334)
2023-06-05 16:39:13,994 ERROR [http-nio-8080-exec-5] c.n.c.c.a.ExceptionAdvice [ExceptionAdvice.java:25] org.springframework.security.web.FilterChainProxy.doFilterInternal(FilterChainProxy.java:215)
2023-06-05 16:39:13,994 ERROR [http-nio-8080-exec-5] c.n.c.c.a.ExceptionAdvice [ExceptionAdvice.java:25] org.springframework.security.web.FilterChainProxy.doFilter(FilterChainProxy.java:178)
2023-06-05 16:39:13,995 ERROR [http-nio-8080-exec-5] c.n.c.c.a.ExceptionAdvice [ExceptionAdvice.java:25] org.springframework.web.filter.DelegatingFilterProxy.invokeDelegate(DelegatingFilterProxy.java:357)
2023-06-05 16:39:13,995 ERROR [http-nio-8080-exec-5] c.n.c.c.a.ExceptionAdvice [ExceptionAdvice.java:25] org.springframework.web.filter.DelegatingFilterProxy.doFilter(DelegatingFilterProxy.java:270)
2023-06-05 16:39:13,995 ERROR [http-nio-8080-exec-5] c.n.c.c.a.ExceptionAdvice [ExceptionAdvice.java:25] org.apache.catalina.core.ApplicationFilterChain.internalDoFilter(ApplicationFilterChain.java:193)
2023-06-05 16:39:13,995 ERROR [http-nio-8080-exec-5] c.n.c.c.a.ExceptionAdvice [ExceptionAdvice.java:25] org.apache.catalina.core.ApplicationFilterChain.doFilter(ApplicationFilterChain.java:166)
2023-06-05 16:39:13,995 ERROR [http-nio-8080-exec-5] c.n.c.c.a.ExceptionAdvice [ExceptionAdvice.java:25] org.springframework.web.filter.RequestContextFilter.doFilterInternal(RequestContextFilter.java:99)
2023-06-05 16:39:13,995 ERROR [http-nio-8080-exec-5] c.n.c.c.a.ExceptionAdvice [ExceptionAdvice.java:25] org.springframework.web.filter.OncePerRequestFilter.doFilter(OncePerRequestFilter.java:107)
2023-06-05 16:39:13,996 ERROR [http-nio-8080-exec-5] c.n.c.c.a.ExceptionAdvice [ExceptionAdvice.java:25] org.apache.catalina.core.ApplicationFilterChain.internalDoFilter(ApplicationFilterChain.java:193)
2023-06-05 16:39:13,996 ERROR [http-nio-8080-exec-5] c.n.c.c.a.ExceptionAdvice [ExceptionAdvice.java:25] org.apache.catalina.core.ApplicationFilterChain.doFilter(ApplicationFilterChain.java:166)
2023-06-05 16:39:13,996 ERROR [http-nio-8080-exec-5] c.n.c.c.a.ExceptionAdvice [ExceptionAdvice.java:25] org.springframework.web.filter.FormContentFilter.doFilterInternal(FormContentFilter.java:92)
2023-06-05 16:39:13,996 ERROR [http-nio-8080-exec-5] c.n.c.c.a.ExceptionAdvice [ExceptionAdvice.java:25] org.springframework.web.filter.OncePerRequestFilter.doFilter(OncePerRequestFilter.java:107)
2023-06-05 16:39:13,996 ERROR [http-nio-8080-exec-5] c.n.c.c.a.ExceptionAdvice [ExceptionAdvice.java:25] org.apache.catalina.core.ApplicationFilterChain.internalDoFilter(ApplicationFilterChain.java:193)
2023-06-05 16:39:13,997 ERROR [http-nio-8080-exec-5] c.n.c.c.a.ExceptionAdvice [ExceptionAdvice.java:25] org.apache.catalina.core.ApplicationFilterChain.doFilter(ApplicationFilterChain.java:166)
2023-06-05 16:39:13,997 ERROR [http-nio-8080-exec-5] c.n.c.c.a.ExceptionAdvice [ExceptionAdvice.java:25] org.springframework.web.filter.HiddenHttpMethodFilter.doFilterInternal(HiddenHttpMethodFilter.java:93)
2023-06-05 16:39:13,997 ERROR [http-nio-8080-exec-5] c.n.c.c.a.ExceptionAdvice [ExceptionAdvice.java:25] org.springframework.web.filter.OncePerRequestFilter.doFilter(OncePerRequestFilter.java:107)
2023-06-05 16:39:13,997 ERROR [http-nio-8080-exec-5] c.n.c.c.a.ExceptionAdvice [ExceptionAdvice.java:25] org.apache.catalina.core.ApplicationFilterChain.internalDoFilter(ApplicationFilterChain.java:193)
2023-06-05 16:39:13,997 ERROR [http-nio-8080-exec-5] c.n.c.c.a.ExceptionAdvice [ExceptionAdvice.java:25] org.apache.catalina.core.ApplicationFilterChain.doFilter(ApplicationFilterChain.java:166)
2023-06-05 16:39:13,997 ERROR [http-nio-8080-exec-5] c.n.c.c.a.ExceptionAdvice [ExceptionAdvice.java:25] org.springframework.web.filter.CharacterEncodingFilter.doFilterInternal(CharacterEncodingFilter.java:200)
2023-06-05 16:39:13,998 ERROR [http-nio-8080-exec-5] c.n.c.c.a.ExceptionAdvice [ExceptionAdvice.java:25] org.springframework.web.filter.OncePerRequestFilter.doFilter(OncePerRequestFilter.java:107)
2023-06-05 16:39:13,998 ERROR [http-nio-8080-exec-5] c.n.c.c.a.ExceptionAdvice [ExceptionAdvice.java:25] org.apache.catalina.core.ApplicationFilterChain.internalDoFilter(ApplicationFilterChain.java:193)
2023-06-05 16:39:13,998 ERROR [http-nio-8080-exec-5] c.n.c.c.a.ExceptionAdvice [ExceptionAdvice.java:25] org.apache.catalina.core.ApplicationFilterChain.doFilter(ApplicationFilterChain.java:166)
2023-06-05 16:39:13,998 ERROR [http-nio-8080-exec-5] c.n.c.c.a.ExceptionAdvice [ExceptionAdvice.java:25] org.apache.catalina.core.StandardWrapperValve.invoke(StandardWrapperValve.java:200)
2023-06-05 16:39:13,998 ERROR [http-nio-8080-exec-5] c.n.c.c.a.ExceptionAdvice [ExceptionAdvice.java:25] org.apache.catalina.core.StandardContextValve.invoke(StandardContextValve.java:96)
2023-06-05 16:39:13,998 ERROR [http-nio-8080-exec-5] c.n.c.c.a.ExceptionAdvice [ExceptionAdvice.java:25] org.apache.catalina.authenticator.AuthenticatorBase.invoke(AuthenticatorBase.java:490)
2023-06-05 16:39:13,998 ERROR [http-nio-8080-exec-5] c.n.c.c.a.ExceptionAdvice [ExceptionAdvice.java:25] org.apache.catalina.core.StandardHostValve.invoke(StandardHostValve.java:139)
2023-06-05 16:39:13,999 ERROR [http-nio-8080-exec-5] c.n.c.c.a.ExceptionAdvice [ExceptionAdvice.java:25] org.apache.catalina.valves.ErrorReportValve.invoke(ErrorReportValve.java:92)
2023-06-05 16:39:13,999 ERROR [http-nio-8080-exec-5] c.n.c.c.a.ExceptionAdvice [ExceptionAdvice.java:25] org.apache.catalina.core.StandardEngineValve.invoke(StandardEngineValve.java:74)
2023-06-05 16:39:13,999 ERROR [http-nio-8080-exec-5] c.n.c.c.a.ExceptionAdvice [ExceptionAdvice.java:25] org.apache.catalina.connector.CoyoteAdapter.service(CoyoteAdapter.java:343)
2023-06-05 16:39:13,999 ERROR [http-nio-8080-exec-5] c.n.c.c.a.ExceptionAdvice [ExceptionAdvice.java:25] org.apache.coyote.http11.Http11Processor.service(Http11Processor.java:408)
2023-06-05 16:39:13,999 ERROR [http-nio-8080-exec-5] c.n.c.c.a.ExceptionAdvice [ExceptionAdvice.java:25] org.apache.coyote.AbstractProcessorLight.process(AbstractProcessorLight.java:66)
2023-06-05 16:39:13,999 ERROR [http-nio-8080-exec-5] c.n.c.c.a.ExceptionAdvice [ExceptionAdvice.java:25] org.apache.coyote.AbstractProtocol$ConnectionHandler.process(AbstractProtocol.java:836)
2023-06-05 16:39:13,999 ERROR [http-nio-8080-exec-5] c.n.c.c.a.ExceptionAdvice [ExceptionAdvice.java:25] org.apache.tomcat.util.net.NioEndpoint$SocketProcessor.doRun(NioEndpoint.java:1747)
2023-06-05 16:39:13,999 ERROR [http-nio-8080-exec-5] c.n.c.c.a.ExceptionAdvice [ExceptionAdvice.java:25] org.apache.tomcat.util.net.SocketProcessorBase.run(SocketProcessorBase.java:49)
2023-06-05 16:39:14,000 ERROR [http-nio-8080-exec-5] c.n.c.c.a.ExceptionAdvice [ExceptionAdvice.java:25] java.util.concurrent.ThreadPoolExecutor.runWorker(ThreadPoolExecutor.java:1149)
2023-06-05 16:39:14,000 ERROR [http-nio-8080-exec-5] c.n.c.c.a.ExceptionAdvice [ExceptionAdvice.java:25] java.util.concurrent.ThreadPoolExecutor$Worker.run(ThreadPoolExecutor.java:624)
2023-06-05 16:39:14,000 ERROR [http-nio-8080-exec-5] c.n.c.c.a.ExceptionAdvice [ExceptionAdvice.java:25] org.apache.tomcat.util.threads.TaskThread$WrappingRunnable.run(TaskThread.java:61)
2023-06-05 16:39:14,000 ERROR [http-nio-8080-exec-5] c.n.c.c.a.ExceptionAdvice [ExceptionAdvice.java:25] java.lang.Thread.run(Thread.java:748)
