2023-05-30 16:09:57,304 INFO [restartedMain] c.n.c.CommunityApplication [StartupInfoLogger.java:50] Starting CommunityApplication on RawCode with PID 5464 (started by lenovo in D:\Desktop\项目\community)
2023-05-30 16:09:57,310 INFO [restartedMain] c.n.c.CommunityApplication [SpringApplication.java:675] No active profile set, falling back to default profiles: default
2023-05-30 16:09:57,350 INFO [restartedMain] o.s.b.d.e.DevToolsPropertyDefaultsPostProcessor [DeferredLog.java:227] Devtools property defaults active! Set 'spring.devtools.add-properties' to 'false' to disable
2023-05-30 16:09:57,350 INFO [restartedMain] o.s.b.d.e.DevToolsPropertyDefaultsPostProcessor [DeferredLog.java:227] For additional web related logging consider setting the 'logging.level.web' property to 'DEBUG'
2023-05-30 16:09:58,496 INFO [restartedMain] o.s.d.r.c.RepositoryConfigurationDelegate [RepositoryConfigurationDelegate.java:244] Multiple Spring Data modules found, entering strict repository configuration mode!
2023-05-30 16:09:58,499 INFO [restartedMain] o.s.d.r.c.RepositoryConfigurationDelegate [RepositoryConfigurationDelegate.java:126] Bootstrapping Spring Data repositories in DEFAULT mode.
2023-05-30 16:09:58,607 INFO [restartedMain] o.s.d.r.c.RepositoryConfigurationDelegate [RepositoryConfigurationDelegate.java:182] Finished Spring Data repository scanning in 95ms. Found 1 repository interfaces.
2023-05-30 16:09:58,622 INFO [restartedMain] o.s.d.r.c.RepositoryConfigurationDelegate [RepositoryConfigurationDelegate.java:244] Multiple Spring Data modules found, entering strict repository configuration mode!
2023-05-30 16:09:58,626 INFO [restartedMain] o.s.d.r.c.RepositoryConfigurationDelegate [RepositoryConfigurationDelegate.java:126] Bootstrapping Spring Data repositories in DEFAULT mode.
2023-05-30 16:09:58,644 INFO [restartedMain] o.s.d.r.c.RepositoryConfigurationExtensionSupport [RepositoryConfigurationExtensionSupport.java:363] Spring Data Redis - Could not safely identify store assignment for repository candidate interface com.nowcoder.community.dao.elasticsearch.DiscussPostRepository.
2023-05-30 16:09:58,644 INFO [restartedMain] o.s.d.r.c.RepositoryConfigurationDelegate [RepositoryConfigurationDelegate.java:182] Finished Spring Data repository scanning in 9ms. Found 0 repository interfaces.
2023-05-30 16:09:59,103 INFO [restartedMain] o.s.c.s.PostProcessorRegistrationDelegate$BeanPostProcessorChecker [PostProcessorRegistrationDelegate.java:330] Bean 'org.springframework.kafka.annotation.KafkaBootstrapConfiguration' of type [org.springframework.kafka.annotation.KafkaBootstrapConfiguration$$EnhancerBySpringCGLIB$$818f24af] is not eligible for getting processed by all BeanPostProcessors (for example: not eligible for auto-proxying)
2023-05-30 16:09:59,158 INFO [restartedMain] o.s.c.s.PostProcessorRegistrationDelegate$BeanPostProcessorChecker [PostProcessorRegistrationDelegate.java:330] Bean 'org.springframework.transaction.annotation.ProxyTransactionManagementConfiguration' of type [org.springframework.transaction.annotation.ProxyTransactionManagementConfiguration$$EnhancerBySpringCGLIB$$addd132c] is not eligible for getting processed by all BeanPostProcessors (for example: not eligible for auto-proxying)
2023-05-30 16:09:59,746 INFO [restartedMain] o.s.b.w.e.t.TomcatWebServer [TomcatWebServer.java:90] Tomcat initialized with port(s): 8080 (http)
2023-05-30 16:09:59,760 INFO [restartedMain] o.a.c.h.Http11NioProtocol [DirectJDKLog.java:173] Initializing ProtocolHandler ["http-nio-8080"]
2023-05-30 16:09:59,766 INFO [restartedMain] o.a.c.c.StandardService [DirectJDKLog.java:173] Starting service [Tomcat]
2023-05-30 16:09:59,767 INFO [restartedMain] o.a.c.c.StandardEngine [DirectJDKLog.java:173] Starting Servlet engine: [Apache Tomcat/9.0.19]
2023-05-30 16:09:59,774 INFO [restartedMain] o.a.c.c.AprLifecycleListener [DirectJDKLog.java:173] Loaded APR based Apache Tomcat Native library [1.2.35] using APR version [1.7.0].
2023-05-30 16:09:59,774 INFO [restartedMain] o.a.c.c.AprLifecycleListener [DirectJDKLog.java:173] APR capabilities: IPv6 [true], sendfile [true], accept filters [false], random [true].
2023-05-30 16:09:59,775 INFO [restartedMain] o.a.c.c.AprLifecycleListener [DirectJDKLog.java:173] APR/OpenSSL configuration: useAprConnector [false], useOpenSSL [true]
2023-05-30 16:09:59,778 INFO [restartedMain] o.a.c.c.AprLifecycleListener [DirectJDKLog.java:173] OpenSSL successfully initialized [OpenSSL 1.1.1q  5 Jul 2022]
2023-05-30 16:09:59,925 INFO [restartedMain] o.a.c.c.C.[.[.[/community] [DirectJDKLog.java:173] Initializing Spring embedded WebApplicationContext
2023-05-30 16:09:59,926 INFO [restartedMain] o.s.w.c.ContextLoader [ServletWebServerApplicationContext.java:296] Root WebApplicationContext: initialization completed in 2575 ms
2023-05-30 16:10:01,126 INFO [restartedMain] o.e.p.PluginsService [PluginsService.java:190] no modules loaded
2023-05-30 16:10:01,127 INFO [restartedMain] o.e.p.PluginsService [PluginsService.java:193] loaded plugin [org.elasticsearch.index.reindex.ReindexPlugin]
2023-05-30 16:10:01,127 INFO [restartedMain] o.e.p.PluginsService [PluginsService.java:193] loaded plugin [org.elasticsearch.join.ParentJoinPlugin]
2023-05-30 16:10:01,127 INFO [restartedMain] o.e.p.PluginsService [PluginsService.java:193] loaded plugin [org.elasticsearch.percolator.PercolatorPlugin]
2023-05-30 16:10:01,128 INFO [restartedMain] o.e.p.PluginsService [PluginsService.java:193] loaded plugin [org.elasticsearch.script.mustache.MustachePlugin]
2023-05-30 16:10:01,128 INFO [restartedMain] o.e.p.PluginsService [PluginsService.java:193] loaded plugin [org.elasticsearch.transport.Netty4Plugin]
2023-05-30 16:10:02,671 INFO [restartedMain] o.s.d.e.c.TransportClientFactoryBean [TransportClientFactoryBean.java:88] Adding transport node : 127.0.0.1:9300
2023-05-30 16:10:05,920 INFO [restartedMain] o.s.b.d.a.OptionalLiveReloadServer [OptionalLiveReloadServer.java:57] LiveReload server is running on port 35729
2023-05-30 16:10:06,749 INFO [restartedMain] o.s.s.c.ThreadPoolTaskExecutor [ExecutorConfigurationSupport.java:171] Initializing ExecutorService 'applicationTaskExecutor'
2023-05-30 16:10:06,883 INFO [restartedMain] o.s.b.a.w.s.WelcomePageHandlerMapping [WelcomePageHandlerMapping.java:61] Adding welcome page template: index
2023-05-30 16:10:08,643 INFO [restartedMain] o.s.b.a.s.s.UserDetailsServiceAutoConfiguration [UserDetailsServiceAutoConfiguration.java:87] 

Using generated security password: 3ac97981-ea7f-4c63-ba74-93dc9784e1d2

2023-05-30 16:10:08,846 INFO [restartedMain] o.s.s.w.DefaultSecurityFilterChain [DefaultSecurityFilterChain.java:43] Creating filter chain: any request, [org.springframework.security.web.context.request.async.WebAsyncManagerIntegrationFilter@86a0eb7, org.springframework.security.web.context.SecurityContextPersistenceFilter@5ff2d60d, org.springframework.security.web.header.HeaderWriterFilter@4c543a1a, org.springframework.security.web.csrf.CsrfFilter@33929378, org.springframework.security.web.authentication.logout.LogoutFilter@5234b95c, org.springframework.security.web.authentication.UsernamePasswordAuthenticationFilter@3ffff301, org.springframework.security.web.authentication.ui.DefaultLoginPageGeneratingFilter@5d6d3e73, org.springframework.security.web.authentication.ui.DefaultLogoutPageGeneratingFilter@1a7bad87, org.springframework.security.web.authentication.www.BasicAuthenticationFilter@39aed3f4, org.springframework.security.web.savedrequest.RequestCacheAwareFilter@3872a7ed, org.springframework.security.web.servletapi.SecurityContextHolderAwareRequestFilter@76b5003d, org.springframework.security.web.authentication.AnonymousAuthenticationFilter@35d5710c, org.springframework.security.web.session.SessionManagementFilter@45b243bf, org.springframework.security.web.access.ExceptionTranslationFilter@31e32267, org.springframework.security.web.access.intercept.FilterSecurityInterceptor@4cafdcb1]
2023-05-30 16:10:09,199 INFO [restartedMain] o.a.k.c.c.ConsumerConfig [AbstractConfig.java:279] ConsumerConfig values: 
	auto.commit.interval.ms = 5000
	auto.offset.reset = latest
	bootstrap.servers = [localhost:9092]
	check.crcs = true
	client.id = 
	connections.max.idle.ms = 540000
	default.api.timeout.ms = 60000
	enable.auto.commit = true
	exclude.internal.topics = true
	fetch.max.bytes = 52428800
	fetch.max.wait.ms = 500
	fetch.min.bytes = 1
	group.id = test-consumer-group
	heartbeat.interval.ms = 3000
	interceptor.classes = []
	internal.leave.group.on.close = true
	isolation.level = read_uncommitted
	key.deserializer = class org.apache.kafka.common.serialization.StringDeserializer
	max.partition.fetch.bytes = 1048576
	max.poll.interval.ms = 300000
	max.poll.records = 500
	metadata.max.age.ms = 300000
	metric.reporters = []
	metrics.num.samples = 2
	metrics.recording.level = INFO
	metrics.sample.window.ms = 30000
	partition.assignment.strategy = [class org.apache.kafka.clients.consumer.RangeAssignor]
	receive.buffer.bytes = 65536
	reconnect.backoff.max.ms = 1000
	reconnect.backoff.ms = 50
	request.timeout.ms = 30000
	retry.backoff.ms = 100
	sasl.client.callback.handler.class = null
	sasl.jaas.config = null
	sasl.kerberos.kinit.cmd = /usr/bin/kinit
	sasl.kerberos.min.time.before.relogin = 60000
	sasl.kerberos.service.name = null
	sasl.kerberos.ticket.renew.jitter = 0.05
	sasl.kerberos.ticket.renew.window.factor = 0.8
	sasl.login.callback.handler.class = null
	sasl.login.class = null
	sasl.login.refresh.buffer.seconds = 300
	sasl.login.refresh.min.period.seconds = 60
	sasl.login.refresh.window.factor = 0.8
	sasl.login.refresh.window.jitter = 0.05
	sasl.mechanism = GSSAPI
	security.protocol = PLAINTEXT
	send.buffer.bytes = 131072
	session.timeout.ms = 10000
	ssl.cipher.suites = null
	ssl.enabled.protocols = [TLSv1.2, TLSv1.1, TLSv1]
	ssl.endpoint.identification.algorithm = https
	ssl.key.password = null
	ssl.keymanager.algorithm = SunX509
	ssl.keystore.location = null
	ssl.keystore.password = null
	ssl.keystore.type = JKS
	ssl.protocol = TLS
	ssl.provider = null
	ssl.secure.random.implementation = null
	ssl.trustmanager.algorithm = PKIX
	ssl.truststore.location = null
	ssl.truststore.password = null
	ssl.truststore.type = JKS
	value.deserializer = class org.apache.kafka.common.serialization.StringDeserializer

2023-05-30 16:10:09,289 INFO [restartedMain] o.a.k.c.u.AppInfoParser [AppInfoParser.java:109] Kafka version : 2.0.1
2023-05-30 16:10:09,289 INFO [restartedMain] o.a.k.c.u.AppInfoParser [AppInfoParser.java:110] Kafka commitId : fa14705e51bd2ce5
2023-05-30 16:14:09,938 INFO [restartedMain] c.n.c.CommunityApplication [StartupInfoLogger.java:50] Starting CommunityApplication on RawCode with PID 23728 (started by lenovo in D:\Desktop\项目\community)
2023-05-30 16:14:09,941 INFO [restartedMain] c.n.c.CommunityApplication [SpringApplication.java:675] No active profile set, falling back to default profiles: default
2023-05-30 16:14:09,993 INFO [restartedMain] o.s.b.d.e.DevToolsPropertyDefaultsPostProcessor [DeferredLog.java:227] Devtools property defaults active! Set 'spring.devtools.add-properties' to 'false' to disable
2023-05-30 16:14:10,040 INFO [restartedMain] o.s.b.d.e.DevToolsPropertyDefaultsPostProcessor [DeferredLog.java:227] For additional web related logging consider setting the 'logging.level.web' property to 'DEBUG'
2023-05-30 16:14:11,161 INFO [restartedMain] o.s.d.r.c.RepositoryConfigurationDelegate [RepositoryConfigurationDelegate.java:244] Multiple Spring Data modules found, entering strict repository configuration mode!
2023-05-30 16:14:11,165 INFO [restartedMain] o.s.d.r.c.RepositoryConfigurationDelegate [RepositoryConfigurationDelegate.java:126] Bootstrapping Spring Data repositories in DEFAULT mode.
2023-05-30 16:14:11,231 INFO [restartedMain] o.s.d.r.c.RepositoryConfigurationDelegate [RepositoryConfigurationDelegate.java:182] Finished Spring Data repository scanning in 62ms. Found 1 repository interfaces.
2023-05-30 16:14:11,243 INFO [restartedMain] o.s.d.r.c.RepositoryConfigurationDelegate [RepositoryConfigurationDelegate.java:244] Multiple Spring Data modules found, entering strict repository configuration mode!
2023-05-30 16:14:11,247 INFO [restartedMain] o.s.d.r.c.RepositoryConfigurationDelegate [RepositoryConfigurationDelegate.java:126] Bootstrapping Spring Data repositories in DEFAULT mode.
2023-05-30 16:14:11,266 INFO [restartedMain] o.s.d.r.c.RepositoryConfigurationExtensionSupport [RepositoryConfigurationExtensionSupport.java:363] Spring Data Redis - Could not safely identify store assignment for repository candidate interface com.nowcoder.community.dao.elasticsearch.DiscussPostRepository.
2023-05-30 16:14:11,266 INFO [restartedMain] o.s.d.r.c.RepositoryConfigurationDelegate [RepositoryConfigurationDelegate.java:182] Finished Spring Data repository scanning in 11ms. Found 0 repository interfaces.
2023-05-30 16:14:11,700 INFO [restartedMain] o.s.c.s.PostProcessorRegistrationDelegate$BeanPostProcessorChecker [PostProcessorRegistrationDelegate.java:330] Bean 'org.springframework.kafka.annotation.KafkaBootstrapConfiguration' of type [org.springframework.kafka.annotation.KafkaBootstrapConfiguration$$EnhancerBySpringCGLIB$$b62a9259] is not eligible for getting processed by all BeanPostProcessors (for example: not eligible for auto-proxying)
2023-05-30 16:14:11,770 INFO [restartedMain] o.s.c.s.PostProcessorRegistrationDelegate$BeanPostProcessorChecker [PostProcessorRegistrationDelegate.java:330] Bean 'org.springframework.transaction.annotation.ProxyTransactionManagementConfiguration' of type [org.springframework.transaction.annotation.ProxyTransactionManagementConfiguration$$EnhancerBySpringCGLIB$$e27880d6] is not eligible for getting processed by all BeanPostProcessors (for example: not eligible for auto-proxying)
2023-05-30 16:14:12,319 INFO [restartedMain] o.s.b.w.e.t.TomcatWebServer [TomcatWebServer.java:90] Tomcat initialized with port(s): 8080 (http)
2023-05-30 16:14:12,335 INFO [restartedMain] o.a.c.h.Http11NioProtocol [DirectJDKLog.java:173] Initializing ProtocolHandler ["http-nio-8080"]
2023-05-30 16:14:12,345 INFO [restartedMain] o.a.c.c.StandardService [DirectJDKLog.java:173] Starting service [Tomcat]
2023-05-30 16:14:12,346 INFO [restartedMain] o.a.c.c.StandardEngine [DirectJDKLog.java:173] Starting Servlet engine: [Apache Tomcat/9.0.19]
2023-05-30 16:14:12,352 INFO [restartedMain] o.a.c.c.AprLifecycleListener [DirectJDKLog.java:173] Loaded APR based Apache Tomcat Native library [1.2.35] using APR version [1.7.0].
2023-05-30 16:14:12,353 INFO [restartedMain] o.a.c.c.AprLifecycleListener [DirectJDKLog.java:173] APR capabilities: IPv6 [true], sendfile [true], accept filters [false], random [true].
2023-05-30 16:14:12,353 INFO [restartedMain] o.a.c.c.AprLifecycleListener [DirectJDKLog.java:173] APR/OpenSSL configuration: useAprConnector [false], useOpenSSL [true]
2023-05-30 16:14:12,356 INFO [restartedMain] o.a.c.c.AprLifecycleListener [DirectJDKLog.java:173] OpenSSL successfully initialized [OpenSSL 1.1.1q  5 Jul 2022]
2023-05-30 16:14:12,523 INFO [restartedMain] o.a.c.c.C.[.[.[/community] [DirectJDKLog.java:173] Initializing Spring embedded WebApplicationContext
2023-05-30 16:14:12,523 INFO [restartedMain] o.s.w.c.ContextLoader [ServletWebServerApplicationContext.java:296] Root WebApplicationContext: initialization completed in 2483 ms
2023-05-30 16:14:14,009 INFO [restartedMain] o.e.p.PluginsService [PluginsService.java:190] no modules loaded
2023-05-30 16:14:14,011 INFO [restartedMain] o.e.p.PluginsService [PluginsService.java:193] loaded plugin [org.elasticsearch.index.reindex.ReindexPlugin]
2023-05-30 16:14:14,012 INFO [restartedMain] o.e.p.PluginsService [PluginsService.java:193] loaded plugin [org.elasticsearch.join.ParentJoinPlugin]
2023-05-30 16:14:14,012 INFO [restartedMain] o.e.p.PluginsService [PluginsService.java:193] loaded plugin [org.elasticsearch.percolator.PercolatorPlugin]
2023-05-30 16:14:14,013 INFO [restartedMain] o.e.p.PluginsService [PluginsService.java:193] loaded plugin [org.elasticsearch.script.mustache.MustachePlugin]
2023-05-30 16:14:14,013 INFO [restartedMain] o.e.p.PluginsService [PluginsService.java:193] loaded plugin [org.elasticsearch.transport.Netty4Plugin]
2023-05-30 16:14:15,658 INFO [restartedMain] o.s.d.e.c.TransportClientFactoryBean [TransportClientFactoryBean.java:88] Adding transport node : 127.0.0.1:9300
2023-05-30 16:14:16,851 INFO [restartedMain] o.s.b.d.a.OptionalLiveReloadServer [OptionalLiveReloadServer.java:57] LiveReload server is running on port 35729
2023-05-30 16:14:17,433 INFO [restartedMain] o.s.s.c.ThreadPoolTaskExecutor [ExecutorConfigurationSupport.java:171] Initializing ExecutorService 'applicationTaskExecutor'
2023-05-30 16:14:17,554 INFO [restartedMain] o.s.b.a.w.s.WelcomePageHandlerMapping [WelcomePageHandlerMapping.java:61] Adding welcome page template: index
2023-05-30 16:14:18,318 INFO [restartedMain] o.s.b.a.s.s.UserDetailsServiceAutoConfiguration [UserDetailsServiceAutoConfiguration.java:87] 

Using generated security password: 74bf277d-eb60-4d13-9812-b36a79896488

2023-05-30 16:14:18,423 INFO [restartedMain] o.s.s.w.DefaultSecurityFilterChain [DefaultSecurityFilterChain.java:43] Creating filter chain: any request, [org.springframework.security.web.context.request.async.WebAsyncManagerIntegrationFilter@4910fb95, org.springframework.security.web.context.SecurityContextPersistenceFilter@4f4d4fcd, org.springframework.security.web.header.HeaderWriterFilter@4aa822ae, org.springframework.security.web.csrf.CsrfFilter@305ec3a3, org.springframework.security.web.authentication.logout.LogoutFilter@7b7d1e8, org.springframework.security.web.authentication.UsernamePasswordAuthenticationFilter@3b4393f9, org.springframework.security.web.authentication.ui.DefaultLoginPageGeneratingFilter@1f86bd9a, org.springframework.security.web.authentication.ui.DefaultLogoutPageGeneratingFilter@4cf538b2, org.springframework.security.web.authentication.www.BasicAuthenticationFilter@313fb3bf, org.springframework.security.web.savedrequest.RequestCacheAwareFilter@463d4eb, org.springframework.security.web.servletapi.SecurityContextHolderAwareRequestFilter@2a8521c, org.springframework.security.web.authentication.AnonymousAuthenticationFilter@7205fd1b, org.springframework.security.web.session.SessionManagementFilter@4b1589fe, org.springframework.security.web.access.ExceptionTranslationFilter@35e1a016, org.springframework.security.web.access.intercept.FilterSecurityInterceptor@3bec5cde]
2023-05-30 16:14:18,552 INFO [restartedMain] o.a.k.c.c.ConsumerConfig [AbstractConfig.java:279] ConsumerConfig values: 
	auto.commit.interval.ms = 5000
	auto.offset.reset = latest
	bootstrap.servers = [localhost:9092]
	check.crcs = true
	client.id = 
	connections.max.idle.ms = 540000
	default.api.timeout.ms = 60000
	enable.auto.commit = true
	exclude.internal.topics = true
	fetch.max.bytes = 52428800
	fetch.max.wait.ms = 500
	fetch.min.bytes = 1
	group.id = test-consumer-group
	heartbeat.interval.ms = 3000
	interceptor.classes = []
	internal.leave.group.on.close = true
	isolation.level = read_uncommitted
	key.deserializer = class org.apache.kafka.common.serialization.StringDeserializer
	max.partition.fetch.bytes = 1048576
	max.poll.interval.ms = 300000
	max.poll.records = 500
	metadata.max.age.ms = 300000
	metric.reporters = []
	metrics.num.samples = 2
	metrics.recording.level = INFO
	metrics.sample.window.ms = 30000
	partition.assignment.strategy = [class org.apache.kafka.clients.consumer.RangeAssignor]
	receive.buffer.bytes = 65536
	reconnect.backoff.max.ms = 1000
	reconnect.backoff.ms = 50
	request.timeout.ms = 30000
	retry.backoff.ms = 100
	sasl.client.callback.handler.class = null
	sasl.jaas.config = null
	sasl.kerberos.kinit.cmd = /usr/bin/kinit
	sasl.kerberos.min.time.before.relogin = 60000
	sasl.kerberos.service.name = null
	sasl.kerberos.ticket.renew.jitter = 0.05
	sasl.kerberos.ticket.renew.window.factor = 0.8
	sasl.login.callback.handler.class = null
	sasl.login.class = null
	sasl.login.refresh.buffer.seconds = 300
	sasl.login.refresh.min.period.seconds = 60
	sasl.login.refresh.window.factor = 0.8
	sasl.login.refresh.window.jitter = 0.05
	sasl.mechanism = GSSAPI
	security.protocol = PLAINTEXT
	send.buffer.bytes = 131072
	session.timeout.ms = 10000
	ssl.cipher.suites = null
	ssl.enabled.protocols = [TLSv1.2, TLSv1.1, TLSv1]
	ssl.endpoint.identification.algorithm = https
	ssl.key.password = null
	ssl.keymanager.algorithm = SunX509
	ssl.keystore.location = null
	ssl.keystore.password = null
	ssl.keystore.type = JKS
	ssl.protocol = TLS
	ssl.provider = null
	ssl.secure.random.implementation = null
	ssl.trustmanager.algorithm = PKIX
	ssl.truststore.location = null
	ssl.truststore.password = null
	ssl.truststore.type = JKS
	value.deserializer = class org.apache.kafka.common.serialization.StringDeserializer

2023-05-30 16:14:18,612 INFO [restartedMain] o.a.k.c.u.AppInfoParser [AppInfoParser.java:109] Kafka version : 2.0.1
2023-05-30 16:14:18,613 INFO [restartedMain] o.a.k.c.u.AppInfoParser [AppInfoParser.java:110] Kafka commitId : fa14705e51bd2ce5
2023-05-30 16:14:18,737 INFO [restartedMain] o.a.k.c.Metadata [Metadata.java:285] Cluster ID: gdA-E6_FQayqMJjEPv8qQQ
2023-05-30 16:14:18,760 INFO [restartedMain] o.a.k.c.c.ConsumerConfig [AbstractConfig.java:279] ConsumerConfig values: 
	auto.commit.interval.ms = 5000
	auto.offset.reset = latest
	bootstrap.servers = [localhost:9092]
	check.crcs = true
	client.id = 
	connections.max.idle.ms = 540000
	default.api.timeout.ms = 60000
	enable.auto.commit = true
	exclude.internal.topics = true
	fetch.max.bytes = 52428800
	fetch.max.wait.ms = 500
	fetch.min.bytes = 1
	group.id = test-consumer-group
	heartbeat.interval.ms = 3000
	interceptor.classes = []
	internal.leave.group.on.close = true
	isolation.level = read_uncommitted
	key.deserializer = class org.apache.kafka.common.serialization.StringDeserializer
	max.partition.fetch.bytes = 1048576
	max.poll.interval.ms = 300000
	max.poll.records = 500
	metadata.max.age.ms = 300000
	metric.reporters = []
	metrics.num.samples = 2
	metrics.recording.level = INFO
	metrics.sample.window.ms = 30000
	partition.assignment.strategy = [class org.apache.kafka.clients.consumer.RangeAssignor]
	receive.buffer.bytes = 65536
	reconnect.backoff.max.ms = 1000
	reconnect.backoff.ms = 50
	request.timeout.ms = 30000
	retry.backoff.ms = 100
	sasl.client.callback.handler.class = null
	sasl.jaas.config = null
	sasl.kerberos.kinit.cmd = /usr/bin/kinit
	sasl.kerberos.min.time.before.relogin = 60000
	sasl.kerberos.service.name = null
	sasl.kerberos.ticket.renew.jitter = 0.05
	sasl.kerberos.ticket.renew.window.factor = 0.8
	sasl.login.callback.handler.class = null
	sasl.login.class = null
	sasl.login.refresh.buffer.seconds = 300
	sasl.login.refresh.min.period.seconds = 60
	sasl.login.refresh.window.factor = 0.8
	sasl.login.refresh.window.jitter = 0.05
	sasl.mechanism = GSSAPI
	security.protocol = PLAINTEXT
	send.buffer.bytes = 131072
	session.timeout.ms = 10000
	ssl.cipher.suites = null
	ssl.enabled.protocols = [TLSv1.2, TLSv1.1, TLSv1]
	ssl.endpoint.identification.algorithm = https
	ssl.key.password = null
	ssl.keymanager.algorithm = SunX509
	ssl.keystore.location = null
	ssl.keystore.password = null
	ssl.keystore.type = JKS
	ssl.protocol = TLS
	ssl.provider = null
	ssl.secure.random.implementation = null
	ssl.trustmanager.algorithm = PKIX
	ssl.truststore.location = null
	ssl.truststore.password = null
	ssl.truststore.type = JKS
	value.deserializer = class org.apache.kafka.common.serialization.StringDeserializer

2023-05-30 16:14:18,765 INFO [restartedMain] o.a.k.c.u.AppInfoParser [AppInfoParser.java:109] Kafka version : 2.0.1
2023-05-30 16:14:18,766 INFO [restartedMain] o.a.k.c.u.AppInfoParser [AppInfoParser.java:110] Kafka commitId : fa14705e51bd2ce5
2023-05-30 16:14:18,769 INFO [restartedMain] o.s.s.c.ThreadPoolTaskScheduler [ExecutorConfigurationSupport.java:171] Initializing ExecutorService
2023-05-30 16:14:18,773 INFO [restartedMain] o.a.k.c.c.ConsumerConfig [AbstractConfig.java:279] ConsumerConfig values: 
	auto.commit.interval.ms = 5000
	auto.offset.reset = latest
	bootstrap.servers = [localhost:9092]
	check.crcs = true
	client.id = 
	connections.max.idle.ms = 540000
	default.api.timeout.ms = 60000
	enable.auto.commit = true
	exclude.internal.topics = true
	fetch.max.bytes = 52428800
	fetch.max.wait.ms = 500
	fetch.min.bytes = 1
	group.id = test-consumer-group
	heartbeat.interval.ms = 3000
	interceptor.classes = []
	internal.leave.group.on.close = true
	isolation.level = read_uncommitted
	key.deserializer = class org.apache.kafka.common.serialization.StringDeserializer
	max.partition.fetch.bytes = 1048576
	max.poll.interval.ms = 300000
	max.poll.records = 500
	metadata.max.age.ms = 300000
	metric.reporters = []
	metrics.num.samples = 2
	metrics.recording.level = INFO
	metrics.sample.window.ms = 30000
	partition.assignment.strategy = [class org.apache.kafka.clients.consumer.RangeAssignor]
	receive.buffer.bytes = 65536
	reconnect.backoff.max.ms = 1000
	reconnect.backoff.ms = 50
	request.timeout.ms = 30000
	retry.backoff.ms = 100
	sasl.client.callback.handler.class = null
	sasl.jaas.config = null
	sasl.kerberos.kinit.cmd = /usr/bin/kinit
	sasl.kerberos.min.time.before.relogin = 60000
	sasl.kerberos.service.name = null
	sasl.kerberos.ticket.renew.jitter = 0.05
	sasl.kerberos.ticket.renew.window.factor = 0.8
	sasl.login.callback.handler.class = null
	sasl.login.class = null
	sasl.login.refresh.buffer.seconds = 300
	sasl.login.refresh.min.period.seconds = 60
	sasl.login.refresh.window.factor = 0.8
	sasl.login.refresh.window.jitter = 0.05
	sasl.mechanism = GSSAPI
	security.protocol = PLAINTEXT
	send.buffer.bytes = 131072
	session.timeout.ms = 10000
	ssl.cipher.suites = null
	ssl.enabled.protocols = [TLSv1.2, TLSv1.1, TLSv1]
	ssl.endpoint.identification.algorithm = https
	ssl.key.password = null
	ssl.keymanager.algorithm = SunX509
	ssl.keystore.location = null
	ssl.keystore.password = null
	ssl.keystore.type = JKS
	ssl.protocol = TLS
	ssl.provider = null
	ssl.secure.random.implementation = null
	ssl.trustmanager.algorithm = PKIX
	ssl.truststore.location = null
	ssl.truststore.password = null
	ssl.truststore.type = JKS
	value.deserializer = class org.apache.kafka.common.serialization.StringDeserializer

2023-05-30 16:14:18,780 INFO [restartedMain] o.a.k.c.u.AppInfoParser [AppInfoParser.java:109] Kafka version : 2.0.1
2023-05-30 16:14:18,781 INFO [restartedMain] o.a.k.c.u.AppInfoParser [AppInfoParser.java:110] Kafka commitId : fa14705e51bd2ce5
2023-05-30 16:14:18,787 INFO [org.springframework.kafka.KafkaListenerEndpointContainer#0-0-C-1] o.a.k.c.Metadata [Metadata.java:285] Cluster ID: gdA-E6_FQayqMJjEPv8qQQ
2023-05-30 16:14:18,787 INFO [restartedMain] o.a.k.c.Metadata [Metadata.java:285] Cluster ID: gdA-E6_FQayqMJjEPv8qQQ
2023-05-30 16:14:18,790 INFO [org.springframework.kafka.KafkaListenerEndpointContainer#0-0-C-1] o.a.k.c.c.i.AbstractCoordinator [AbstractCoordinator.java:677] [Consumer clientId=consumer-2, groupId=test-consumer-group] Discovered group coordinator RawCode:9092 (id: 2147483647 rack: null)
2023-05-30 16:14:18,790 INFO [restartedMain] o.a.k.c.c.ConsumerConfig [AbstractConfig.java:279] ConsumerConfig values: 
	auto.commit.interval.ms = 5000
	auto.offset.reset = latest
	bootstrap.servers = [localhost:9092]
	check.crcs = true
	client.id = 
	connections.max.idle.ms = 540000
	default.api.timeout.ms = 60000
	enable.auto.commit = true
	exclude.internal.topics = true
	fetch.max.bytes = 52428800
	fetch.max.wait.ms = 500
	fetch.min.bytes = 1
	group.id = test-consumer-group
	heartbeat.interval.ms = 3000
	interceptor.classes = []
	internal.leave.group.on.close = true
	isolation.level = read_uncommitted
	key.deserializer = class org.apache.kafka.common.serialization.StringDeserializer
	max.partition.fetch.bytes = 1048576
	max.poll.interval.ms = 300000
	max.poll.records = 500
	metadata.max.age.ms = 300000
	metric.reporters = []
	metrics.num.samples = 2
	metrics.recording.level = INFO
	metrics.sample.window.ms = 30000
	partition.assignment.strategy = [class org.apache.kafka.clients.consumer.RangeAssignor]
	receive.buffer.bytes = 65536
	reconnect.backoff.max.ms = 1000
	reconnect.backoff.ms = 50
	request.timeout.ms = 30000
	retry.backoff.ms = 100
	sasl.client.callback.handler.class = null
	sasl.jaas.config = null
	sasl.kerberos.kinit.cmd = /usr/bin/kinit
	sasl.kerberos.min.time.before.relogin = 60000
	sasl.kerberos.service.name = null
	sasl.kerberos.ticket.renew.jitter = 0.05
	sasl.kerberos.ticket.renew.window.factor = 0.8
	sasl.login.callback.handler.class = null
	sasl.login.class = null
	sasl.login.refresh.buffer.seconds = 300
	sasl.login.refresh.min.period.seconds = 60
	sasl.login.refresh.window.factor = 0.8
	sasl.login.refresh.window.jitter = 0.05
	sasl.mechanism = GSSAPI
	security.protocol = PLAINTEXT
	send.buffer.bytes = 131072
	session.timeout.ms = 10000
	ssl.cipher.suites = null
	ssl.enabled.protocols = [TLSv1.2, TLSv1.1, TLSv1]
	ssl.endpoint.identification.algorithm = https
	ssl.key.password = null
	ssl.keymanager.algorithm = SunX509
	ssl.keystore.location = null
	ssl.keystore.password = null
	ssl.keystore.type = JKS
	ssl.protocol = TLS
	ssl.provider = null
	ssl.secure.random.implementation = null
	ssl.trustmanager.algorithm = PKIX
	ssl.truststore.location = null
	ssl.truststore.password = null
	ssl.truststore.type = JKS
	value.deserializer = class org.apache.kafka.common.serialization.StringDeserializer

2023-05-30 16:14:18,793 INFO [org.springframework.kafka.KafkaListenerEndpointContainer#0-0-C-1] o.a.k.c.c.i.ConsumerCoordinator [ConsumerCoordinator.java:472] [Consumer clientId=consumer-2, groupId=test-consumer-group] Revoking previously assigned partitions []
2023-05-30 16:14:18,793 INFO [org.springframework.kafka.KafkaListenerEndpointContainer#0-0-C-1] o.s.k.l.KafkaMessageListenerContainer [AbstractMessageListenerContainer.java:375] partitions revoked: []
2023-05-30 16:14:18,793 INFO [org.springframework.kafka.KafkaListenerEndpointContainer#0-0-C-1] o.a.k.c.c.i.AbstractCoordinator [AbstractCoordinator.java:509] [Consumer clientId=consumer-2, groupId=test-consumer-group] (Re-)joining group
2023-05-30 16:14:18,794 INFO [restartedMain] o.a.k.c.u.AppInfoParser [AppInfoParser.java:109] Kafka version : 2.0.1
2023-05-30 16:14:18,794 INFO [restartedMain] o.a.k.c.u.AppInfoParser [AppInfoParser.java:110] Kafka commitId : fa14705e51bd2ce5
2023-05-30 16:14:18,794 INFO [restartedMain] o.s.s.c.ThreadPoolTaskScheduler [ExecutorConfigurationSupport.java:171] Initializing ExecutorService
2023-05-30 16:14:18,828 INFO [org.springframework.kafka.KafkaListenerEndpointContainer#1-0-C-1] o.a.k.c.Metadata [Metadata.java:285] Cluster ID: gdA-E6_FQayqMJjEPv8qQQ
2023-05-30 16:14:18,831 INFO [org.springframework.kafka.KafkaListenerEndpointContainer#1-0-C-1] o.a.k.c.c.i.AbstractCoordinator [AbstractCoordinator.java:677] [Consumer clientId=consumer-4, groupId=test-consumer-group] Discovered group coordinator RawCode:9092 (id: 2147483647 rack: null)
2023-05-30 16:14:18,833 INFO [org.springframework.kafka.KafkaListenerEndpointContainer#1-0-C-1] o.a.k.c.c.i.ConsumerCoordinator [ConsumerCoordinator.java:472] [Consumer clientId=consumer-4, groupId=test-consumer-group] Revoking previously assigned partitions []
2023-05-30 16:14:18,835 INFO [org.springframework.kafka.KafkaListenerEndpointContainer#1-0-C-1] o.s.k.l.KafkaMessageListenerContainer [AbstractMessageListenerContainer.java:375] partitions revoked: []
2023-05-30 16:14:18,837 INFO [org.springframework.kafka.KafkaListenerEndpointContainer#1-0-C-1] o.a.k.c.c.i.AbstractCoordinator [AbstractCoordinator.java:509] [Consumer clientId=consumer-4, groupId=test-consumer-group] (Re-)joining group
2023-05-30 16:14:18,839 INFO [restartedMain] o.a.c.h.Http11NioProtocol [DirectJDKLog.java:173] Starting ProtocolHandler ["http-nio-8080"]
2023-05-30 16:14:18,868 INFO [restartedMain] o.s.b.w.e.t.TomcatWebServer [TomcatWebServer.java:204] Tomcat started on port(s): 8080 (http) with context path '/community'
2023-05-30 16:14:18,873 INFO [restartedMain] c.n.c.CommunityApplication [StartupInfoLogger.java:59] Started CommunityApplication in 9.617 seconds (JVM running for 11.552)
2023-05-30 16:14:18,984 INFO [org.springframework.kafka.KafkaListenerEndpointContainer#0-0-C-1] o.a.k.c.c.i.AbstractCoordinator [AbstractCoordinator.java:473] [Consumer clientId=consumer-2, groupId=test-consumer-group] Successfully joined group with generation 1
2023-05-30 16:14:18,985 INFO [org.springframework.kafka.KafkaListenerEndpointContainer#1-0-C-1] o.a.k.c.c.i.AbstractCoordinator [AbstractCoordinator.java:473] [Consumer clientId=consumer-4, groupId=test-consumer-group] Successfully joined group with generation 1
2023-05-30 16:14:18,988 INFO [org.springframework.kafka.KafkaListenerEndpointContainer#1-0-C-1] o.a.k.c.c.i.ConsumerCoordinator [ConsumerCoordinator.java:280] [Consumer clientId=consumer-4, groupId=test-consumer-group] Setting newly assigned partitions [publish-0]
2023-05-30 16:14:18,988 INFO [org.springframework.kafka.KafkaListenerEndpointContainer#0-0-C-1] o.a.k.c.c.i.ConsumerCoordinator [ConsumerCoordinator.java:280] [Consumer clientId=consumer-2, groupId=test-consumer-group] Setting newly assigned partitions [comment-0, like-0, follow-0]
2023-05-30 16:14:19,020 INFO [org.springframework.kafka.KafkaListenerEndpointContainer#1-0-C-1] o.a.k.c.c.i.Fetcher [Fetcher.java:601] [Consumer clientId=consumer-4, groupId=test-consumer-group] Resetting offset for partition publish-0 to offset 0.
2023-05-30 16:14:19,020 INFO [org.springframework.kafka.KafkaListenerEndpointContainer#0-0-C-1] o.a.k.c.c.i.Fetcher [Fetcher.java:601] [Consumer clientId=consumer-2, groupId=test-consumer-group] Resetting offset for partition comment-0 to offset 0.
2023-05-30 16:14:19,021 INFO [org.springframework.kafka.KafkaListenerEndpointContainer#0-0-C-1] o.a.k.c.c.i.Fetcher [Fetcher.java:601] [Consumer clientId=consumer-2, groupId=test-consumer-group] Resetting offset for partition like-0 to offset 0.
2023-05-30 16:14:19,021 INFO [org.springframework.kafka.KafkaListenerEndpointContainer#0-0-C-1] o.a.k.c.c.i.Fetcher [Fetcher.java:601] [Consumer clientId=consumer-2, groupId=test-consumer-group] Resetting offset for partition follow-0 to offset 0.
2023-05-30 16:14:19,022 INFO [org.springframework.kafka.KafkaListenerEndpointContainer#0-0-C-1] o.s.k.l.KafkaMessageListenerContainer [AbstractMessageListenerContainer.java:380] partitions assigned: [comment-0, like-0, follow-0]
2023-05-30 16:14:19,022 INFO [org.springframework.kafka.KafkaListenerEndpointContainer#1-0-C-1] o.s.k.l.KafkaMessageListenerContainer [AbstractMessageListenerContainer.java:380] partitions assigned: [publish-0]
2023-05-30 16:15:09,691 INFO [http-nio-8080-exec-4] o.a.c.c.C.[.[.[/community] [DirectJDKLog.java:173] Initializing Spring DispatcherServlet 'dispatcherServlet'
2023-05-30 16:15:09,691 INFO [http-nio-8080-exec-4] o.s.w.s.DispatcherServlet [FrameworkServlet.java:524] Initializing Servlet 'dispatcherServlet'
2023-05-30 16:15:09,699 INFO [http-nio-8080-exec-4] o.s.w.s.DispatcherServlet [FrameworkServlet.java:546] Completed initialization in 8 ms
2023-05-30 16:16:22,001 INFO [http-nio-8080-exec-10] c.n.c.a.ServiceLogAspect [ServiceLogAspect.java:42] 用户[0:0:0:0:0:0:0:1],在[2023-05-30 16:16:21],访问了[com.nowcoder.community.service.DiscussPostService.findDiscussPostRows].
2023-05-30 16:16:22,044 INFO [http-nio-8080-exec-10] c.z.h.HikariDataSource [HikariDataSource.java:110] HikariPool-1 - Starting...
2023-05-30 16:16:22,169 INFO [http-nio-8080-exec-10] c.z.h.HikariDataSource [HikariDataSource.java:123] HikariPool-1 - Start completed.
2023-05-30 16:16:22,222 INFO [http-nio-8080-exec-10] c.n.c.a.ServiceLogAspect [ServiceLogAspect.java:42] 用户[0:0:0:0:0:0:0:1],在[2023-05-30 16:16:22],访问了[com.nowcoder.community.service.DiscussPostService.findDiscussPosts].
2023-05-30 16:16:22,236 INFO [http-nio-8080-exec-10] c.n.c.a.ServiceLogAspect [ServiceLogAspect.java:42] 用户[0:0:0:0:0:0:0:1],在[2023-05-30 16:16:22],访问了[com.nowcoder.community.service.UserService.findUserById].
2023-05-30 16:16:22,343 INFO [http-nio-8080-exec-10] i.l.c.EpollProvider [Netty4InternalESLogger.java:104] Starting without optional epoll library
2023-05-30 16:16:22,346 INFO [http-nio-8080-exec-10] i.l.c.KqueueProvider [Netty4InternalESLogger.java:104] Starting without optional kqueue library
2023-05-30 16:16:22,453 INFO [http-nio-8080-exec-10] c.n.c.a.ServiceLogAspect [ServiceLogAspect.java:42] 用户[0:0:0:0:0:0:0:1],在[2023-05-30 16:16:22],访问了[com.nowcoder.community.service.LikeService.findEntityLikeCount].
2023-05-30 16:16:22,461 INFO [http-nio-8080-exec-10] c.n.c.a.ServiceLogAspect [ServiceLogAspect.java:42] 用户[0:0:0:0:0:0:0:1],在[2023-05-30 16:16:22],访问了[com.nowcoder.community.service.UserService.findUserById].
2023-05-30 16:16:22,465 INFO [http-nio-8080-exec-10] c.n.c.a.ServiceLogAspect [ServiceLogAspect.java:42] 用户[0:0:0:0:0:0:0:1],在[2023-05-30 16:16:22],访问了[com.nowcoder.community.service.LikeService.findEntityLikeCount].
2023-05-30 16:16:22,466 INFO [http-nio-8080-exec-10] c.n.c.a.ServiceLogAspect [ServiceLogAspect.java:42] 用户[0:0:0:0:0:0:0:1],在[2023-05-30 16:16:22],访问了[com.nowcoder.community.service.UserService.findUserById].
2023-05-30 16:16:22,470 INFO [http-nio-8080-exec-10] c.n.c.a.ServiceLogAspect [ServiceLogAspect.java:42] 用户[0:0:0:0:0:0:0:1],在[2023-05-30 16:16:22],访问了[com.nowcoder.community.service.LikeService.findEntityLikeCount].
2023-05-30 16:16:22,471 INFO [http-nio-8080-exec-10] c.n.c.a.ServiceLogAspect [ServiceLogAspect.java:42] 用户[0:0:0:0:0:0:0:1],在[2023-05-30 16:16:22],访问了[com.nowcoder.community.service.UserService.findUserById].
2023-05-30 16:16:22,506 INFO [http-nio-8080-exec-10] c.n.c.a.ServiceLogAspect [ServiceLogAspect.java:42] 用户[0:0:0:0:0:0:0:1],在[2023-05-30 16:16:22],访问了[com.nowcoder.community.service.LikeService.findEntityLikeCount].
2023-05-30 16:16:22,508 INFO [http-nio-8080-exec-10] c.n.c.a.ServiceLogAspect [ServiceLogAspect.java:42] 用户[0:0:0:0:0:0:0:1],在[2023-05-30 16:16:22],访问了[com.nowcoder.community.service.UserService.findUserById].
2023-05-30 16:16:22,509 INFO [http-nio-8080-exec-10] c.n.c.a.ServiceLogAspect [ServiceLogAspect.java:42] 用户[0:0:0:0:0:0:0:1],在[2023-05-30 16:16:22],访问了[com.nowcoder.community.service.LikeService.findEntityLikeCount].
2023-05-30 16:16:22,510 INFO [http-nio-8080-exec-10] c.n.c.a.ServiceLogAspect [ServiceLogAspect.java:42] 用户[0:0:0:0:0:0:0:1],在[2023-05-30 16:16:22],访问了[com.nowcoder.community.service.UserService.findUserById].
2023-05-30 16:16:22,511 INFO [http-nio-8080-exec-10] c.n.c.a.ServiceLogAspect [ServiceLogAspect.java:42] 用户[0:0:0:0:0:0:0:1],在[2023-05-30 16:16:22],访问了[com.nowcoder.community.service.LikeService.findEntityLikeCount].
2023-05-30 16:16:22,512 INFO [http-nio-8080-exec-10] c.n.c.a.ServiceLogAspect [ServiceLogAspect.java:42] 用户[0:0:0:0:0:0:0:1],在[2023-05-30 16:16:22],访问了[com.nowcoder.community.service.UserService.findUserById].
2023-05-30 16:16:22,513 INFO [http-nio-8080-exec-10] c.n.c.a.ServiceLogAspect [ServiceLogAspect.java:42] 用户[0:0:0:0:0:0:0:1],在[2023-05-30 16:16:22],访问了[com.nowcoder.community.service.LikeService.findEntityLikeCount].
2023-05-30 16:16:22,514 INFO [http-nio-8080-exec-10] c.n.c.a.ServiceLogAspect [ServiceLogAspect.java:42] 用户[0:0:0:0:0:0:0:1],在[2023-05-30 16:16:22],访问了[com.nowcoder.community.service.UserService.findUserById].
2023-05-30 16:16:22,515 INFO [http-nio-8080-exec-10] c.n.c.a.ServiceLogAspect [ServiceLogAspect.java:42] 用户[0:0:0:0:0:0:0:1],在[2023-05-30 16:16:22],访问了[com.nowcoder.community.service.LikeService.findEntityLikeCount].
2023-05-30 16:16:22,516 INFO [http-nio-8080-exec-10] c.n.c.a.ServiceLogAspect [ServiceLogAspect.java:42] 用户[0:0:0:0:0:0:0:1],在[2023-05-30 16:16:22],访问了[com.nowcoder.community.service.UserService.findUserById].
2023-05-30 16:16:22,517 INFO [http-nio-8080-exec-10] c.n.c.a.ServiceLogAspect [ServiceLogAspect.java:42] 用户[0:0:0:0:0:0:0:1],在[2023-05-30 16:16:22],访问了[com.nowcoder.community.service.LikeService.findEntityLikeCount].
2023-05-30 16:16:22,518 INFO [http-nio-8080-exec-10] c.n.c.a.ServiceLogAspect [ServiceLogAspect.java:42] 用户[0:0:0:0:0:0:0:1],在[2023-05-30 16:16:22],访问了[com.nowcoder.community.service.UserService.findUserById].
2023-05-30 16:16:22,518 INFO [http-nio-8080-exec-10] c.n.c.a.ServiceLogAspect [ServiceLogAspect.java:42] 用户[0:0:0:0:0:0:0:1],在[2023-05-30 16:16:22],访问了[com.nowcoder.community.service.LikeService.findEntityLikeCount].
2023-05-30 16:16:32,487 INFO [http-nio-8080-exec-9] c.n.c.a.ServiceLogAspect [ServiceLogAspect.java:42] 用户[0:0:0:0:0:0:0:1],在[2023-05-30 16:16:32],访问了[com.nowcoder.community.service.DiscussPostService.findDiscussPostRows].
2023-05-30 16:16:32,491 INFO [http-nio-8080-exec-9] c.n.c.a.ServiceLogAspect [ServiceLogAspect.java:42] 用户[0:0:0:0:0:0:0:1],在[2023-05-30 16:16:32],访问了[com.nowcoder.community.service.DiscussPostService.findDiscussPosts].
2023-05-30 16:16:32,501 INFO [http-nio-8080-exec-9] c.n.c.a.ServiceLogAspect [ServiceLogAspect.java:42] 用户[0:0:0:0:0:0:0:1],在[2023-05-30 16:16:32],访问了[com.nowcoder.community.service.UserService.findUserById].
2023-05-30 16:16:32,502 INFO [http-nio-8080-exec-9] c.n.c.a.ServiceLogAspect [ServiceLogAspect.java:42] 用户[0:0:0:0:0:0:0:1],在[2023-05-30 16:16:32],访问了[com.nowcoder.community.service.LikeService.findEntityLikeCount].
2023-05-30 16:16:32,502 INFO [http-nio-8080-exec-9] c.n.c.a.ServiceLogAspect [ServiceLogAspect.java:42] 用户[0:0:0:0:0:0:0:1],在[2023-05-30 16:16:32],访问了[com.nowcoder.community.service.UserService.findUserById].
2023-05-30 16:16:32,503 INFO [http-nio-8080-exec-9] c.n.c.a.ServiceLogAspect [ServiceLogAspect.java:42] 用户[0:0:0:0:0:0:0:1],在[2023-05-30 16:16:32],访问了[com.nowcoder.community.service.LikeService.findEntityLikeCount].
2023-05-30 16:16:32,504 INFO [http-nio-8080-exec-9] c.n.c.a.ServiceLogAspect [ServiceLogAspect.java:42] 用户[0:0:0:0:0:0:0:1],在[2023-05-30 16:16:32],访问了[com.nowcoder.community.service.UserService.findUserById].
2023-05-30 16:16:32,505 INFO [http-nio-8080-exec-9] c.n.c.a.ServiceLogAspect [ServiceLogAspect.java:42] 用户[0:0:0:0:0:0:0:1],在[2023-05-30 16:16:32],访问了[com.nowcoder.community.service.LikeService.findEntityLikeCount].
2023-05-30 16:16:32,505 INFO [http-nio-8080-exec-9] c.n.c.a.ServiceLogAspect [ServiceLogAspect.java:42] 用户[0:0:0:0:0:0:0:1],在[2023-05-30 16:16:32],访问了[com.nowcoder.community.service.UserService.findUserById].
2023-05-30 16:16:32,506 INFO [http-nio-8080-exec-9] c.n.c.a.ServiceLogAspect [ServiceLogAspect.java:42] 用户[0:0:0:0:0:0:0:1],在[2023-05-30 16:16:32],访问了[com.nowcoder.community.service.LikeService.findEntityLikeCount].
2023-05-30 16:16:32,507 INFO [http-nio-8080-exec-9] c.n.c.a.ServiceLogAspect [ServiceLogAspect.java:42] 用户[0:0:0:0:0:0:0:1],在[2023-05-30 16:16:32],访问了[com.nowcoder.community.service.UserService.findUserById].
2023-05-30 16:16:32,507 INFO [http-nio-8080-exec-9] c.n.c.a.ServiceLogAspect [ServiceLogAspect.java:42] 用户[0:0:0:0:0:0:0:1],在[2023-05-30 16:16:32],访问了[com.nowcoder.community.service.LikeService.findEntityLikeCount].
2023-05-30 16:16:32,508 INFO [http-nio-8080-exec-9] c.n.c.a.ServiceLogAspect [ServiceLogAspect.java:42] 用户[0:0:0:0:0:0:0:1],在[2023-05-30 16:16:32],访问了[com.nowcoder.community.service.UserService.findUserById].
2023-05-30 16:16:32,512 INFO [http-nio-8080-exec-9] c.n.c.a.ServiceLogAspect [ServiceLogAspect.java:42] 用户[0:0:0:0:0:0:0:1],在[2023-05-30 16:16:32],访问了[com.nowcoder.community.service.LikeService.findEntityLikeCount].
2023-05-30 16:16:32,514 INFO [http-nio-8080-exec-9] c.n.c.a.ServiceLogAspect [ServiceLogAspect.java:42] 用户[0:0:0:0:0:0:0:1],在[2023-05-30 16:16:32],访问了[com.nowcoder.community.service.UserService.findUserById].
2023-05-30 16:16:32,515 INFO [http-nio-8080-exec-9] c.n.c.a.ServiceLogAspect [ServiceLogAspect.java:42] 用户[0:0:0:0:0:0:0:1],在[2023-05-30 16:16:32],访问了[com.nowcoder.community.service.LikeService.findEntityLikeCount].
2023-05-30 16:16:32,517 INFO [http-nio-8080-exec-9] c.n.c.a.ServiceLogAspect [ServiceLogAspect.java:42] 用户[0:0:0:0:0:0:0:1],在[2023-05-30 16:16:32],访问了[com.nowcoder.community.service.UserService.findUserById].
2023-05-30 16:16:32,518 INFO [http-nio-8080-exec-9] c.n.c.a.ServiceLogAspect [ServiceLogAspect.java:42] 用户[0:0:0:0:0:0:0:1],在[2023-05-30 16:16:32],访问了[com.nowcoder.community.service.LikeService.findEntityLikeCount].
2023-05-30 16:16:32,518 INFO [http-nio-8080-exec-9] c.n.c.a.ServiceLogAspect [ServiceLogAspect.java:42] 用户[0:0:0:0:0:0:0:1],在[2023-05-30 16:16:32],访问了[com.nowcoder.community.service.UserService.findUserById].
2023-05-30 16:16:32,519 INFO [http-nio-8080-exec-9] c.n.c.a.ServiceLogAspect [ServiceLogAspect.java:42] 用户[0:0:0:0:0:0:0:1],在[2023-05-30 16:16:32],访问了[com.nowcoder.community.service.LikeService.findEntityLikeCount].
2023-05-30 16:16:32,520 INFO [http-nio-8080-exec-9] c.n.c.a.ServiceLogAspect [ServiceLogAspect.java:42] 用户[0:0:0:0:0:0:0:1],在[2023-05-30 16:16:32],访问了[com.nowcoder.community.service.UserService.findUserById].
2023-05-30 16:16:32,520 INFO [http-nio-8080-exec-9] c.n.c.a.ServiceLogAspect [ServiceLogAspect.java:42] 用户[0:0:0:0:0:0:0:1],在[2023-05-30 16:16:32],访问了[com.nowcoder.community.service.LikeService.findEntityLikeCount].
2023-05-30 16:18:02,036 INFO [org.springframework.kafka.KafkaListenerEndpointContainer#0-0-C-1] o.s.s.c.ThreadPoolTaskScheduler [ExecutorConfigurationSupport.java:208] Shutting down ExecutorService
2023-05-30 16:18:02,036 INFO [org.springframework.kafka.KafkaListenerEndpointContainer#1-0-C-1] o.s.s.c.ThreadPoolTaskScheduler [ExecutorConfigurationSupport.java:208] Shutting down ExecutorService
2023-05-30 16:18:02,048 INFO [org.springframework.kafka.KafkaListenerEndpointContainer#0-0-C-1] o.s.k.l.KafkaMessageListenerContainer$ListenerConsumer [KafkaMessageListenerContainer.java:840] Consumer stopped
2023-05-30 16:18:02,048 INFO [org.springframework.kafka.KafkaListenerEndpointContainer#1-0-C-1] o.s.k.l.KafkaMessageListenerContainer$ListenerConsumer [KafkaMessageListenerContainer.java:840] Consumer stopped
2023-05-30 16:18:02,052 INFO [Thread-26] o.s.s.c.ThreadPoolTaskExecutor [ExecutorConfigurationSupport.java:208] Shutting down ExecutorService 'applicationTaskExecutor'
2023-05-30 16:18:03,205 INFO [Thread-26] c.z.h.HikariDataSource [HikariDataSource.java:350] HikariPool-1 - Shutdown initiated...
2023-05-30 16:18:03,208 INFO [Thread-26] c.z.h.HikariDataSource [HikariDataSource.java:352] HikariPool-1 - Shutdown completed.
